[2023-06-29 18:49:09,589: INFO: main: >>>> Stage Data Ingestion Stage started <<<<]
[2023-06-29 18:49:09,589: INFO: common: yaml file: config/config.yaml loaded successfully]
[2023-06-29 18:49:09,590: INFO: common: yaml file: params.yaml loaded successfully]
[2023-06-29 18:49:09,590: INFO: common: Directory artifacts created successfully]
[2023-06-29 18:49:09,590: INFO: common: Directory artifacts/data_ingestion created successfully]
[2023-06-29 18:51:49,057: INFO: dataIngestion: artifacts/data_ingestion/data.zip download! with following info: 
Server: nginx/1.14.0 (Ubuntu)
Date: Thu, 29 Jun 2023 07:49:09 GMT
Content-Type: application/zip
Content-Length: 40854701
Last-Modified: Thu, 17 Sep 2020 05:05:40 GMT
Connection: close
ETag: "5f62eea4-26f64ad"
Strict-Transport-Security: max-age=31536000; includeSubDomains; preload
Accept-Ranges: bytes

]
[2023-06-29 18:51:49,907: INFO: main: >>>> Stage Data Ingestion Stage completed <<<<

X=============================X]
[2023-06-29 19:56:22,316: INFO: main: >>>> Stage Data Format Stage started <<<<]
[2023-06-29 19:56:22,317: INFO: common: yaml file: config/config.yaml loaded successfully]
[2023-06-29 19:56:22,317: INFO: common: yaml file: params.yaml loaded successfully]
[2023-06-29 19:56:22,317: INFO: common: Directory artifacts created successfully]
[2023-06-29 19:56:22,318: ERROR: main: 'NoneType' object has no attribute 'datafile']
Traceback (most recent call last):
  File "/home/shaw/Documents/Projects/Chatbot/main.py", line 19, in <module>
    data_format.main()
  File "/home/shaw/Documents/Projects/Chatbot/src/ChatBot/pipeline/stage02_dataFormat.py", line 23, in main
    lines, conversations = data_format.loadLinesAndConversations()
                           ^^^^^^^^^^^^^^^^^^^^^^^^^^^^^^^^^^^^^^^
  File "/home/shaw/Documents/Projects/Chatbot/src/ChatBot/components/dataFormat.py", line 13, in loadLinesAndConversations
    with open(self.config.datafile, 'r', encoding='iso-8859-1') as f:
              ^^^^^^^^^^^^^^^^^^^^
AttributeError: 'NoneType' object has no attribute 'datafile'
[2023-06-29 19:58:24,271: INFO: main: >>>> Stage Data Format Stage started <<<<]
[2023-06-29 19:58:24,271: INFO: common: yaml file: config/config.yaml loaded successfully]
[2023-06-29 19:58:24,272: INFO: common: yaml file: params.yaml loaded successfully]
[2023-06-29 19:58:24,272: INFO: common: Directory artifacts created successfully]
[2023-06-29 19:58:24,272: ERROR: main: 'NoneType' object has no attribute 'utterances']
Traceback (most recent call last):
  File "/home/shaw/Documents/Projects/Chatbot/main.py", line 19, in <module>
    data_format.main()
  File "/home/shaw/Documents/Projects/Chatbot/src/ChatBot/pipeline/stage02_dataFormat.py", line 23, in main
    lines, conversations = data_format.loadLinesAndConversations(data_format_config.utterances)
                                                                 ^^^^^^^^^^^^^^^^^^^^^^^^^^^^^
AttributeError: 'NoneType' object has no attribute 'utterances'
[2023-06-29 20:04:27,223: INFO: main: >>>> Stage Data Format Stage started <<<<]
[2023-06-29 20:04:27,224: INFO: common: yaml file: config/config.yaml loaded successfully]
[2023-06-29 20:04:27,224: INFO: common: yaml file: params.yaml loaded successfully]
[2023-06-29 20:04:27,224: INFO: common: Directory artifacts created successfully]
[2023-06-29 20:04:27,224: ERROR: main: 'NoneType' object has no attribute 'utterances']
Traceback (most recent call last):
  File "/home/shaw/Documents/Projects/Chatbot/main.py", line 19, in <module>
    data_format.main()
  File "/home/shaw/Documents/Projects/Chatbot/src/ChatBot/pipeline/stage02_dataFormat.py", line 23, in main
    lines, conversations = data_format.loadLinesAndConversations(data_format_config.utterances)
                                                                 ^^^^^^^^^^^^^^^^^^^^^^^^^^^^^
AttributeError: 'NoneType' object has no attribute 'utterances'
[2023-06-29 20:05:50,402: INFO: main: >>>> Stage Data Format Stage started <<<<]
[2023-06-29 20:05:50,403: INFO: common: yaml file: config/config.yaml loaded successfully]
[2023-06-29 20:05:50,404: INFO: common: yaml file: params.yaml loaded successfully]
[2023-06-29 20:05:50,404: INFO: common: Directory artifacts created successfully]
[2023-06-29 20:05:50,404: ERROR: main: DataFormat.loadLinesAndConversations() takes 1 positional argument but 2 were given]
Traceback (most recent call last):
  File "/home/shaw/Documents/Projects/Chatbot/main.py", line 19, in <module>
    data_format.main()
  File "/home/shaw/Documents/Projects/Chatbot/src/ChatBot/pipeline/stage02_dataFormat.py", line 23, in main
    lines, conversations = data_format.loadLinesAndConversations(data_format_config.utterances)
                           ^^^^^^^^^^^^^^^^^^^^^^^^^^^^^^^^^^^^^^^^^^^^^^^^^^^^^^^^^^^^^^^^^^^^
TypeError: DataFormat.loadLinesAndConversations() takes 1 positional argument but 2 were given
[2023-06-29 20:06:48,378: INFO: main: >>>> Stage Data Format Stage started <<<<]
[2023-06-29 20:06:48,379: INFO: common: yaml file: config/config.yaml loaded successfully]
[2023-06-29 20:06:48,380: INFO: common: yaml file: params.yaml loaded successfully]
[2023-06-29 20:06:48,380: INFO: common: Directory artifacts created successfully]
[2023-06-29 20:06:48,380: ERROR: main: [Errno 2] No such file or directory: 'artifacts/data_ingestion/movie-corpus/formatted_movie_lines.txt']
Traceback (most recent call last):
  File "/home/shaw/Documents/Projects/Chatbot/main.py", line 19, in <module>
    data_format.main()
  File "/home/shaw/Documents/Projects/Chatbot/src/ChatBot/pipeline/stage02_dataFormat.py", line 23, in main
    lines, conversations = data_format.loadLinesAndConversations()
                           ^^^^^^^^^^^^^^^^^^^^^^^^^^^^^^^^^^^^^^^
  File "/home/shaw/Documents/Projects/Chatbot/src/ChatBot/components/dataFormat.py", line 13, in loadLinesAndConversations
    with open(self.config.datafile, 'r', encoding='iso-8859-1') as f:
         ^^^^^^^^^^^^^^^^^^^^^^^^^^^^^^^^^^^^^^^^^^^^^^^^^^^^^^
FileNotFoundError: [Errno 2] No such file or directory: 'artifacts/data_ingestion/movie-corpus/formatted_movie_lines.txt'
[2023-06-29 20:07:29,330: INFO: main: >>>> Stage Data Format Stage started <<<<]
[2023-06-29 20:07:29,331: INFO: common: yaml file: config/config.yaml loaded successfully]
[2023-06-29 20:07:29,331: INFO: common: yaml file: params.yaml loaded successfully]
[2023-06-29 20:07:29,332: INFO: common: Directory artifacts created successfully]
[2023-06-29 20:07:33,354: INFO: dataFormat: Loaded Lines and Coversations successfully!]
[2023-06-29 20:07:33,354: ERROR: main: DataFormat.extractSentencePairs() takes 1 positional argument but 2 were given]
Traceback (most recent call last):
  File "/home/shaw/Documents/Projects/Chatbot/main.py", line 19, in <module>
    data_format.main()
  File "/home/shaw/Documents/Projects/Chatbot/src/ChatBot/pipeline/stage02_dataFormat.py", line 28, in main
    for pair in data_format.extractSentencePairs(conversations):
                ^^^^^^^^^^^^^^^^^^^^^^^^^^^^^^^^^^^^^^^^^^^^^^^
TypeError: DataFormat.extractSentencePairs() takes 1 positional argument but 2 were given
[2023-06-29 20:09:08,078: INFO: main: >>>> Stage Data Format Stage started <<<<]
[2023-06-29 20:09:08,079: INFO: common: yaml file: config/config.yaml loaded successfully]
[2023-06-29 20:09:08,080: INFO: common: yaml file: params.yaml loaded successfully]
[2023-06-29 20:09:08,080: INFO: common: Directory artifacts created successfully]
[2023-06-29 20:09:12,147: INFO: dataFormat: Loaded Lines and Coversations successfully!]
[2023-06-29 20:09:12,505: INFO: dataFormat: Extracted Sentence Pairs]
[2023-06-29 20:09:12,889: INFO: main: >>>> Stage Data Format Stage completed <<<<

X=============================X]
[2023-06-29 22:47:02,429: INFO: common: yaml file: config/config.yaml loaded successfully]
[2023-06-29 22:47:02,429: INFO: common: yaml file: params.yaml loaded successfully]
[2023-06-29 22:47:02,430: INFO: common: Directory artifacts created successfully]
[2023-06-29 22:47:02,430: INFO: common: Directory artifacts/save created successfully]
[2023-06-29 22:51:47,411: INFO: common: yaml file: config/config.yaml loaded successfully]
[2023-06-29 22:51:47,411: INFO: common: yaml file: params.yaml loaded successfully]
[2023-06-29 22:51:47,412: INFO: common: Directory artifacts created successfully]
[2023-06-29 22:51:47,412: INFO: common: Directory artifacts/save created successfully]
[2023-06-29 22:55:16,139: INFO: common: yaml file: config/config.yaml loaded successfully]
[2023-06-29 22:55:16,140: INFO: common: yaml file: params.yaml loaded successfully]
[2023-06-29 22:55:16,140: INFO: common: Directory artifacts created successfully]
[2023-06-29 22:55:16,140: INFO: common: Directory artifacts/save created successfully]
[2023-06-29 22:55:16,141: INFO: common: yaml file: config/config.yaml loaded successfully]
[2023-06-29 22:55:16,141: INFO: common: yaml file: params.yaml loaded successfully]
[2023-06-29 22:55:16,141: INFO: common: Directory artifacts created successfully]
[2023-06-29 22:55:16,141: INFO: common: Directory artifacts/save created successfully]
[2023-06-29 22:55:16,141: INFO: main: >>>> Stage Data Load Stage started <<<<]
[2023-06-29 22:55:16,182: ERROR: main: name 'unicodedata' is not defined]
Traceback (most recent call last):
  File "/home/shaw/Documents/Projects/Chatbot/main.py", line 30, in <module>
    voc, pairs = data_load.main()
                 ^^^^^^^^^^^^^^^^
  File "/home/shaw/Documents/Projects/Chatbot/src/ChatBot/pipeline/stage03_dataLoad.py", line 13, in main
    voc, pairs = loadPrepareData(config.corpus, config.corpus_name, config.datafile, config.save_dir)
                 ^^^^^^^^^^^^^^^^^^^^^^^^^^^^^^^^^^^^^^^^^^^^^^^^^^^^^^^^^^^^^^^^^^^^^^^^^^^^^^^^^^^^
  File "/home/shaw/Documents/Projects/Chatbot/src/ChatBot/components/dataLoad.py", line 102, in loadPrepareData
    voc, pairs = readVocs(datafile, corpus_name)
                 ^^^^^^^^^^^^^^^^^^^^^^^^^^^^^^^
  File "/home/shaw/Documents/Projects/Chatbot/src/ChatBot/components/dataLoad.py", line 86, in readVocs
    pairs = [[normalizeString(s) for s in l.split('\t')] for l in lines]
            ^^^^^^^^^^^^^^^^^^^^^^^^^^^^^^^^^^^^^^^^^^^^^^^^^^^^^^^^^^^^
  File "/home/shaw/Documents/Projects/Chatbot/src/ChatBot/components/dataLoad.py", line 86, in <listcomp>
    pairs = [[normalizeString(s) for s in l.split('\t')] for l in lines]
             ^^^^^^^^^^^^^^^^^^^^^^^^^^^^^^^^^^^^^^^^^^^
  File "/home/shaw/Documents/Projects/Chatbot/src/ChatBot/components/dataLoad.py", line 86, in <listcomp>
    pairs = [[normalizeString(s) for s in l.split('\t')] for l in lines]
              ^^^^^^^^^^^^^^^^^^
  File "/home/shaw/Documents/Projects/Chatbot/src/ChatBot/components/dataLoad.py", line 73, in normalizeString
    s = unicodeToAscii(s.lower().strip())
        ^^^^^^^^^^^^^^^^^^^^^^^^^^^^^^^^^
  File "/home/shaw/Documents/Projects/Chatbot/src/ChatBot/components/dataLoad.py", line 67, in unicodeToAscii
    c for c in unicodedata.normalize('NFD', s)
               ^^^^^^^^^^^
NameError: name 'unicodedata' is not defined
[2023-06-29 22:56:48,087: INFO: common: yaml file: config/config.yaml loaded successfully]
[2023-06-29 22:56:48,087: INFO: common: yaml file: params.yaml loaded successfully]
[2023-06-29 22:56:48,087: INFO: common: Directory artifacts created successfully]
[2023-06-29 22:56:48,087: INFO: common: Directory artifacts/save created successfully]
[2023-06-29 22:56:48,089: INFO: common: yaml file: config/config.yaml loaded successfully]
[2023-06-29 22:56:48,089: INFO: common: yaml file: params.yaml loaded successfully]
[2023-06-29 22:56:48,089: INFO: common: Directory artifacts created successfully]
[2023-06-29 22:56:48,089: INFO: common: Directory artifacts/save created successfully]
[2023-06-29 22:56:48,090: INFO: main: >>>> Stage Data Load Stage started <<<<]
[2023-06-29 22:56:53,484: ERROR: main: name 'PAD_token' is not defined]
Traceback (most recent call last):
  File "/home/shaw/Documents/Projects/Chatbot/main.py", line 30, in <module>
    voc, pairs = data_load.main()
                 ^^^^^^^^^^^^^^^^
  File "/home/shaw/Documents/Projects/Chatbot/src/ChatBot/pipeline/stage03_dataLoad.py", line 13, in main
    voc, pairs = loadPrepareData(config.corpus, config.corpus_name, config.datafile, config.save_dir)
                 ^^^^^^^^^^^^^^^^^^^^^^^^^^^^^^^^^^^^^^^^^^^^^^^^^^^^^^^^^^^^^^^^^^^^^^^^^^^^^^^^^^^^
  File "/home/shaw/Documents/Projects/Chatbot/src/ChatBot/components/dataLoad.py", line 103, in loadPrepareData
    voc, pairs = readVocs(datafile, corpus_name)
                 ^^^^^^^^^^^^^^^^^^^^^^^^^^^^^^^
  File "/home/shaw/Documents/Projects/Chatbot/src/ChatBot/components/dataLoad.py", line 88, in readVocs
    voc = Voc(corpus_name)
          ^^^^^^^^^^^^^^^^
  File "/home/shaw/Documents/Projects/Chatbot/src/ChatBot/components/dataLoad.py", line 19, in __init__
    self.index2word = {PAD_token: "PAD", SOS_token: "SOS", EOS_token: "EOS"}
                       ^^^^^^^^^
NameError: name 'PAD_token' is not defined
[2023-06-29 22:57:28,443: INFO: common: yaml file: config/config.yaml loaded successfully]
[2023-06-29 22:57:28,444: INFO: common: yaml file: params.yaml loaded successfully]
[2023-06-29 22:57:28,444: INFO: common: Directory artifacts created successfully]
[2023-06-29 22:57:28,444: INFO: common: Directory artifacts/save created successfully]
[2023-06-29 22:57:28,445: INFO: common: yaml file: config/config.yaml loaded successfully]
[2023-06-29 22:57:28,445: INFO: common: yaml file: params.yaml loaded successfully]
[2023-06-29 22:57:28,445: INFO: common: Directory artifacts created successfully]
[2023-06-29 22:57:28,445: INFO: common: Directory artifacts/save created successfully]
[2023-06-29 22:57:28,446: INFO: main: >>>> Stage Data Load Stage started <<<<]
[2023-06-29 22:57:34,076: INFO: main: >>>> Stage Data Load Stage completed <<<<

X=============================X]
[2023-06-29 23:24:22,742: INFO: common: yaml file: config/config.yaml loaded successfully]
[2023-06-29 23:24:22,743: INFO: common: yaml file: params.yaml loaded successfully]
[2023-06-29 23:24:22,743: INFO: common: Directory artifacts created successfully]
[2023-06-29 23:24:22,743: INFO: common: Directory artifacts/save created successfully]
[2023-06-29 23:24:22,744: INFO: common: yaml file: config/config.yaml loaded successfully]
[2023-06-29 23:24:22,744: INFO: common: yaml file: params.yaml loaded successfully]
[2023-06-29 23:24:22,744: INFO: common: Directory artifacts created successfully]
[2023-06-29 23:24:22,744: INFO: common: Directory artifacts/save created successfully]
[2023-06-29 23:25:08,150: INFO: common: yaml file: config/config.yaml loaded successfully]
[2023-06-29 23:25:08,151: INFO: common: yaml file: params.yaml loaded successfully]
[2023-06-29 23:25:08,151: INFO: common: Directory artifacts created successfully]
[2023-06-29 23:25:08,151: INFO: common: Directory artifacts/save created successfully]
[2023-06-29 23:25:08,152: INFO: common: yaml file: config/config.yaml loaded successfully]
[2023-06-29 23:25:08,153: INFO: common: yaml file: params.yaml loaded successfully]
[2023-06-29 23:25:08,153: INFO: common: Directory artifacts created successfully]
[2023-06-29 23:25:08,153: INFO: common: Directory artifacts/save created successfully]
[2023-06-29 23:25:08,155: INFO: common: yaml file: config/config.yaml loaded successfully]
[2023-06-29 23:25:08,155: INFO: common: yaml file: params.yaml loaded successfully]
[2023-06-29 23:25:08,156: INFO: common: Directory artifacts created successfully]
[2023-06-29 23:25:08,156: INFO: main: >>>> Stage Data Load Stage started <<<<]
[2023-06-29 23:25:13,884: INFO: main: >>>> Stage Data Load Stage completed <<<<

X=============================X]
[2023-06-29 23:25:13,884: INFO: main: >>>> Stage Data Prepare Stage started <<<<]
[2023-06-29 23:25:13,884: ERROR: main: name 'random' is not defined]
Traceback (most recent call last):
  File "/home/shaw/Documents/Projects/Chatbot/main.py", line 41, in <module>
    input_variable, lengths, target_variable, mask, max_target_len = data_prepare.main()
                                                                     ^^^^^^^^^^^^^^^^^^^
  File "/home/shaw/Documents/Projects/Chatbot/src/ChatBot/pipeline/stage04_dataPrepare.py", line 14, in main
    input_variable, lengths, target_variable, mask, max_target_len = batch2TrainData(self.voc, [random.choice(self.pairs) for _ in range(small_batch_size)])
                                                                                               ^^^^^^^^^^^^^^^^^^^^^^^^^^^^^^^^^^^^^^^^^^^^^^^^^^^^^^^^^^^^
  File "/home/shaw/Documents/Projects/Chatbot/src/ChatBot/pipeline/stage04_dataPrepare.py", line 14, in <listcomp>
    input_variable, lengths, target_variable, mask, max_target_len = batch2TrainData(self.voc, [random.choice(self.pairs) for _ in range(small_batch_size)])
                                                                                                ^^^^^^
NameError: name 'random' is not defined
[2023-06-29 23:25:34,228: INFO: common: yaml file: config/config.yaml loaded successfully]
[2023-06-29 23:25:34,229: INFO: common: yaml file: params.yaml loaded successfully]
[2023-06-29 23:25:34,229: INFO: common: Directory artifacts created successfully]
[2023-06-29 23:25:34,229: INFO: common: Directory artifacts/save created successfully]
[2023-06-29 23:25:34,230: INFO: common: yaml file: config/config.yaml loaded successfully]
[2023-06-29 23:25:34,230: INFO: common: yaml file: params.yaml loaded successfully]
[2023-06-29 23:25:34,230: INFO: common: Directory artifacts created successfully]
[2023-06-29 23:25:34,230: INFO: common: Directory artifacts/save created successfully]
[2023-06-29 23:25:34,232: INFO: common: yaml file: config/config.yaml loaded successfully]
[2023-06-29 23:25:34,232: INFO: common: yaml file: params.yaml loaded successfully]
[2023-06-29 23:25:34,232: INFO: common: Directory artifacts created successfully]
[2023-06-29 23:25:34,232: INFO: main: >>>> Stage Data Load Stage started <<<<]
[2023-06-29 23:25:39,977: INFO: main: >>>> Stage Data Load Stage completed <<<<

X=============================X]
[2023-06-29 23:25:39,978: INFO: main: >>>> Stage Data Prepare Stage started <<<<]
[2023-06-29 23:25:39,978: ERROR: main: name 'torch' is not defined]
Traceback (most recent call last):
  File "/home/shaw/Documents/Projects/Chatbot/main.py", line 41, in <module>
    input_variable, lengths, target_variable, mask, max_target_len = data_prepare.main()
                                                                     ^^^^^^^^^^^^^^^^^^^
  File "/home/shaw/Documents/Projects/Chatbot/src/ChatBot/pipeline/stage04_dataPrepare.py", line 15, in main
    input_variable, lengths, target_variable, mask, max_target_len = batch2TrainData(self.voc, [random.choice(self.pairs) for _ in range(small_batch_size)])
                                                                     ^^^^^^^^^^^^^^^^^^^^^^^^^^^^^^^^^^^^^^^^^^^^^^^^^^^^^^^^^^^^^^^^^^^^^^^^^^^^^^^^^^^^^^^
  File "/home/shaw/Documents/Projects/Chatbot/src/ChatBot/components/dataPrepare.py", line 46, in batch2TrainData
    inp, lengths = inputVar(input_batch, voc)
                   ^^^^^^^^^^^^^^^^^^^^^^^^^^
  File "/home/shaw/Documents/Projects/Chatbot/src/ChatBot/components/dataPrepare.py", line 24, in inputVar
    lengths = torch.tensor([len(indexes) for indexes in indexes_batch])
              ^^^^^
NameError: name 'torch' is not defined
[2023-06-29 23:26:02,532: INFO: common: yaml file: config/config.yaml loaded successfully]
[2023-06-29 23:26:02,533: INFO: common: yaml file: params.yaml loaded successfully]
[2023-06-29 23:26:02,533: INFO: common: Directory artifacts created successfully]
[2023-06-29 23:26:02,533: INFO: common: Directory artifacts/save created successfully]
[2023-06-29 23:26:02,534: INFO: common: yaml file: config/config.yaml loaded successfully]
[2023-06-29 23:26:02,534: INFO: common: yaml file: params.yaml loaded successfully]
[2023-06-29 23:26:02,535: INFO: common: Directory artifacts created successfully]
[2023-06-29 23:26:02,535: INFO: common: Directory artifacts/save created successfully]
[2023-06-29 23:26:03,260: INFO: common: yaml file: config/config.yaml loaded successfully]
[2023-06-29 23:26:03,261: INFO: common: yaml file: params.yaml loaded successfully]
[2023-06-29 23:26:03,261: INFO: common: Directory artifacts created successfully]
[2023-06-29 23:26:03,261: INFO: main: >>>> Stage Data Load Stage started <<<<]
[2023-06-29 23:26:09,270: INFO: main: >>>> Stage Data Load Stage completed <<<<

X=============================X]
[2023-06-29 23:26:09,270: INFO: main: >>>> Stage Data Prepare Stage started <<<<]
[2023-06-29 23:26:09,271: ERROR: main: name 'itertools' is not defined]
Traceback (most recent call last):
  File "/home/shaw/Documents/Projects/Chatbot/main.py", line 41, in <module>
    input_variable, lengths, target_variable, mask, max_target_len = data_prepare.main()
                                                                     ^^^^^^^^^^^^^^^^^^^
  File "/home/shaw/Documents/Projects/Chatbot/src/ChatBot/pipeline/stage04_dataPrepare.py", line 15, in main
    input_variable, lengths, target_variable, mask, max_target_len = batch2TrainData(self.voc, [random.choice(self.pairs) for _ in range(small_batch_size)])
                                                                     ^^^^^^^^^^^^^^^^^^^^^^^^^^^^^^^^^^^^^^^^^^^^^^^^^^^^^^^^^^^^^^^^^^^^^^^^^^^^^^^^^^^^^^^
  File "/home/shaw/Documents/Projects/Chatbot/src/ChatBot/components/dataPrepare.py", line 47, in batch2TrainData
    inp, lengths = inputVar(input_batch, voc)
                   ^^^^^^^^^^^^^^^^^^^^^^^^^^
  File "/home/shaw/Documents/Projects/Chatbot/src/ChatBot/components/dataPrepare.py", line 26, in inputVar
    padList = zeroPadding(indexes_batch)
              ^^^^^^^^^^^^^^^^^^^^^^^^^^
  File "/home/shaw/Documents/Projects/Chatbot/src/ChatBot/components/dataPrepare.py", line 9, in zeroPadding
    return list(itertools.zip_longest(*l, fillvalue=fillvalue))
                ^^^^^^^^^
NameError: name 'itertools' is not defined
[2023-06-29 23:26:23,407: INFO: common: yaml file: config/config.yaml loaded successfully]
[2023-06-29 23:26:23,408: INFO: common: yaml file: params.yaml loaded successfully]
[2023-06-29 23:26:23,408: INFO: common: Directory artifacts created successfully]
[2023-06-29 23:26:23,408: INFO: common: Directory artifacts/save created successfully]
[2023-06-29 23:26:23,409: INFO: common: yaml file: config/config.yaml loaded successfully]
[2023-06-29 23:26:23,409: INFO: common: yaml file: params.yaml loaded successfully]
[2023-06-29 23:26:23,409: INFO: common: Directory artifacts created successfully]
[2023-06-29 23:26:23,409: INFO: common: Directory artifacts/save created successfully]
[2023-06-29 23:26:24,132: INFO: common: yaml file: config/config.yaml loaded successfully]
[2023-06-29 23:26:24,132: INFO: common: yaml file: params.yaml loaded successfully]
[2023-06-29 23:26:24,132: INFO: common: Directory artifacts created successfully]
[2023-06-29 23:26:24,132: INFO: main: >>>> Stage Data Load Stage started <<<<]
[2023-06-29 23:26:30,204: INFO: main: >>>> Stage Data Load Stage completed <<<<

X=============================X]
[2023-06-29 23:26:30,204: INFO: main: >>>> Stage Data Prepare Stage started <<<<]
[2023-06-29 23:26:30,205: INFO: main: >>>> Stage Data Prepare Stage completed <<<<

X=============================X]
[2023-06-30 00:45:13,030: INFO: common: yaml file: config/config.yaml loaded successfully]
[2023-06-30 00:45:13,032: INFO: common: yaml file: params.yaml loaded successfully]
[2023-06-30 00:45:13,032: INFO: common: Directory artifacts created successfully]
[2023-06-30 00:45:13,032: INFO: common: Directory artifacts/save created successfully]
[2023-06-30 00:45:13,033: INFO: common: yaml file: config/config.yaml loaded successfully]
[2023-06-30 00:45:13,034: INFO: common: yaml file: params.yaml loaded successfully]
[2023-06-30 00:45:13,034: INFO: common: Directory artifacts created successfully]
[2023-06-30 00:45:13,034: INFO: common: Directory artifacts/save created successfully]
[2023-06-30 00:45:13,744: INFO: common: yaml file: config/config.yaml loaded successfully]
[2023-06-30 00:45:13,746: INFO: common: yaml file: params.yaml loaded successfully]
[2023-06-30 00:45:13,746: INFO: common: Directory artifacts created successfully]
[2023-06-30 00:45:13,746: INFO: main: >>>> Stage Data Load Stage started <<<<]
[2023-06-30 00:45:19,788: INFO: main: >>>> Stage Data Load Stage completed <<<<

X=============================X]
[2023-06-30 00:45:19,788: INFO: main: >>>> Stage Data Prepare Stage started <<<<]
[2023-06-30 00:45:19,789: INFO: main: >>>> Stage Data Prepare Stage completed <<<<

X=============================X]
[2023-06-30 00:48:07,845: INFO: common: yaml file: config/config.yaml loaded successfully]
[2023-06-30 00:48:07,847: INFO: common: yaml file: params.yaml loaded successfully]
[2023-06-30 00:48:07,847: INFO: common: Directory artifacts created successfully]
[2023-06-30 00:48:07,847: INFO: common: Directory artifacts/save created successfully]
[2023-06-30 00:48:07,848: INFO: common: yaml file: config/config.yaml loaded successfully]
[2023-06-30 00:48:07,849: INFO: common: yaml file: params.yaml loaded successfully]
[2023-06-30 00:48:07,849: INFO: common: Directory artifacts created successfully]
[2023-06-30 00:48:07,849: INFO: common: Directory artifacts/save created successfully]
[2023-06-30 00:48:08,557: INFO: common: yaml file: config/config.yaml loaded successfully]
[2023-06-30 00:48:08,558: INFO: common: yaml file: params.yaml loaded successfully]
[2023-06-30 00:48:08,559: INFO: common: Directory artifacts created successfully]
[2023-06-30 00:48:08,561: INFO: common: yaml file: config/config.yaml loaded successfully]
[2023-06-30 00:48:08,563: INFO: common: yaml file: params.yaml loaded successfully]
[2023-06-30 00:48:08,563: INFO: common: Directory artifacts created successfully]
[2023-06-30 00:49:02,688: INFO: common: yaml file: config/config.yaml loaded successfully]
[2023-06-30 00:49:02,689: INFO: common: yaml file: params.yaml loaded successfully]
[2023-06-30 00:49:02,689: INFO: common: Directory artifacts created successfully]
[2023-06-30 00:49:02,689: INFO: common: Directory artifacts/save created successfully]
[2023-06-30 00:49:02,690: INFO: common: yaml file: config/config.yaml loaded successfully]
[2023-06-30 00:49:02,691: INFO: common: yaml file: params.yaml loaded successfully]
[2023-06-30 00:49:02,691: INFO: common: Directory artifacts created successfully]
[2023-06-30 00:49:02,691: INFO: common: Directory artifacts/save created successfully]
[2023-06-30 00:49:03,396: INFO: common: yaml file: config/config.yaml loaded successfully]
[2023-06-30 00:49:03,398: INFO: common: yaml file: params.yaml loaded successfully]
[2023-06-30 00:49:03,398: INFO: common: Directory artifacts created successfully]
[2023-06-30 00:49:03,399: INFO: common: yaml file: config/config.yaml loaded successfully]
[2023-06-30 00:49:03,400: INFO: common: yaml file: params.yaml loaded successfully]
[2023-06-30 00:49:03,400: INFO: common: Directory artifacts created successfully]
[2023-06-30 00:49:22,170: INFO: common: yaml file: config/config.yaml loaded successfully]
[2023-06-30 00:49:22,171: INFO: common: yaml file: params.yaml loaded successfully]
[2023-06-30 00:49:22,171: INFO: common: Directory artifacts created successfully]
[2023-06-30 00:49:22,172: INFO: common: Directory artifacts/save created successfully]
[2023-06-30 00:49:22,173: INFO: common: yaml file: config/config.yaml loaded successfully]
[2023-06-30 00:49:22,174: INFO: common: yaml file: params.yaml loaded successfully]
[2023-06-30 00:49:22,174: INFO: common: Directory artifacts created successfully]
[2023-06-30 00:49:22,174: INFO: common: Directory artifacts/save created successfully]
[2023-06-30 00:49:22,890: INFO: common: yaml file: config/config.yaml loaded successfully]
[2023-06-30 00:49:22,891: INFO: common: yaml file: params.yaml loaded successfully]
[2023-06-30 00:49:22,891: INFO: common: Directory artifacts created successfully]
[2023-06-30 00:49:22,892: INFO: common: yaml file: config/config.yaml loaded successfully]
[2023-06-30 00:49:22,893: INFO: common: yaml file: params.yaml loaded successfully]
[2023-06-30 00:49:22,894: INFO: common: Directory artifacts created successfully]
[2023-06-30 00:55:20,847: INFO: common: yaml file: config/config.yaml loaded successfully]
[2023-06-30 00:55:20,848: INFO: common: yaml file: params.yaml loaded successfully]
[2023-06-30 00:55:20,848: INFO: common: Directory artifacts created successfully]
[2023-06-30 00:55:20,848: INFO: common: Directory artifacts/save created successfully]
[2023-06-30 00:55:20,849: INFO: common: yaml file: config/config.yaml loaded successfully]
[2023-06-30 00:55:20,850: INFO: common: yaml file: params.yaml loaded successfully]
[2023-06-30 00:55:20,850: INFO: common: Directory artifacts created successfully]
[2023-06-30 00:55:20,850: INFO: common: Directory artifacts/save created successfully]
[2023-06-30 00:55:21,559: INFO: common: yaml file: config/config.yaml loaded successfully]
[2023-06-30 00:55:21,560: INFO: common: yaml file: params.yaml loaded successfully]
[2023-06-30 00:55:21,560: INFO: common: Directory artifacts created successfully]
[2023-06-30 00:55:21,563: INFO: common: yaml file: config/config.yaml loaded successfully]
[2023-06-30 00:55:21,564: INFO: common: yaml file: params.yaml loaded successfully]
[2023-06-30 00:55:21,564: INFO: common: Directory artifacts created successfully]
[2023-06-30 00:55:21,565: INFO: common: yaml file: config/config.yaml loaded successfully]
[2023-06-30 00:55:21,566: INFO: common: yaml file: params.yaml loaded successfully]
[2023-06-30 00:55:21,566: INFO: common: Directory artifacts created successfully]
[2023-06-30 00:55:21,566: INFO: main: >>>> Stage Data Load Stage started <<<<]
[2023-06-30 00:55:27,597: INFO: main: >>>> Stage Data Load Stage completed <<<<

X=============================X]
[2023-06-30 00:55:27,597: INFO: main: >>>> Stage Data Prepare Stage started <<<<]
[2023-06-30 00:55:27,598: INFO: main: >>>> Stage Data Prepare Stage completed <<<<

X=============================X]
[2023-06-30 00:55:27,598: INFO: main: >>>> Stage Data Prepare Stage started <<<<]
[2023-06-30 00:55:27,598: ERROR: main: name 'os' is not defined]
Traceback (most recent call last):
  File "/home/shaw/Documents/Projects/Chatbot/main.py", line 52, in <module>
    train.initialize()
  File "/home/shaw/Documents/Projects/Chatbot/src/ChatBot/pipeline/stage05_training.py", line 13, in initialize
    loadFilename = os.path.join(config.save_dir, config.model_name, config.corpus_name,
                   ^^
NameError: name 'os' is not defined
[2023-06-30 00:55:42,391: INFO: common: yaml file: config/config.yaml loaded successfully]
[2023-06-30 00:55:42,392: INFO: common: yaml file: params.yaml loaded successfully]
[2023-06-30 00:55:42,392: INFO: common: Directory artifacts created successfully]
[2023-06-30 00:55:42,392: INFO: common: Directory artifacts/save created successfully]
[2023-06-30 00:55:42,394: INFO: common: yaml file: config/config.yaml loaded successfully]
[2023-06-30 00:55:42,395: INFO: common: yaml file: params.yaml loaded successfully]
[2023-06-30 00:55:42,395: INFO: common: Directory artifacts created successfully]
[2023-06-30 00:55:42,395: INFO: common: Directory artifacts/save created successfully]
[2023-06-30 00:55:43,108: INFO: common: yaml file: config/config.yaml loaded successfully]
[2023-06-30 00:55:43,109: INFO: common: yaml file: params.yaml loaded successfully]
[2023-06-30 00:55:43,109: INFO: common: Directory artifacts created successfully]
[2023-06-30 00:55:43,111: INFO: common: yaml file: config/config.yaml loaded successfully]
[2023-06-30 00:55:43,113: INFO: common: yaml file: params.yaml loaded successfully]
[2023-06-30 00:55:43,113: INFO: common: Directory artifacts created successfully]
[2023-06-30 00:55:43,114: INFO: common: yaml file: config/config.yaml loaded successfully]
[2023-06-30 00:55:43,115: INFO: common: yaml file: params.yaml loaded successfully]
[2023-06-30 00:55:43,115: INFO: common: Directory artifacts created successfully]
[2023-06-30 00:55:43,115: INFO: main: >>>> Stage Data Load Stage started <<<<]
[2023-06-30 00:55:49,188: INFO: main: >>>> Stage Data Load Stage completed <<<<

X=============================X]
[2023-06-30 00:55:49,189: INFO: main: >>>> Stage Data Prepare Stage started <<<<]
[2023-06-30 00:55:49,190: INFO: main: >>>> Stage Data Prepare Stage completed <<<<

X=============================X]
[2023-06-30 00:55:49,190: INFO: main: >>>> Stage Data Prepare Stage started <<<<]
[2023-06-30 00:55:49,190: ERROR: main: [Errno 2] No such file or directory: 'None']
Traceback (most recent call last):
  File "/home/shaw/Documents/Projects/Chatbot/main.py", line 52, in <module>
    train.initialize()
  File "/home/shaw/Documents/Projects/Chatbot/src/ChatBot/pipeline/stage05_training.py", line 20, in initialize
    checkpoint = torch.load(config.loadFilename)
                 ^^^^^^^^^^^^^^^^^^^^^^^^^^^^^^^
  File "/home/shaw/Documents/Projects/Chatbot/venv/lib/python3.11/site-packages/torch/serialization.py", line 791, in load
    with _open_file_like(f, 'rb') as opened_file:
         ^^^^^^^^^^^^^^^^^^^^^^^^
  File "/home/shaw/Documents/Projects/Chatbot/venv/lib/python3.11/site-packages/torch/serialization.py", line 271, in _open_file_like
    return _open_file(name_or_buffer, mode)
           ^^^^^^^^^^^^^^^^^^^^^^^^^^^^^^^^
  File "/home/shaw/Documents/Projects/Chatbot/venv/lib/python3.11/site-packages/torch/serialization.py", line 252, in __init__
    super().__init__(open(name, mode))
                     ^^^^^^^^^^^^^^^^
FileNotFoundError: [Errno 2] No such file or directory: 'None'
[2023-06-30 00:56:41,330: INFO: common: yaml file: config/config.yaml loaded successfully]
[2023-06-30 00:56:41,331: INFO: common: yaml file: params.yaml loaded successfully]
[2023-06-30 00:56:41,331: INFO: common: Directory artifacts created successfully]
[2023-06-30 00:56:41,331: INFO: common: Directory artifacts/save created successfully]
[2023-06-30 00:56:41,332: INFO: common: yaml file: config/config.yaml loaded successfully]
[2023-06-30 00:56:41,334: INFO: common: yaml file: params.yaml loaded successfully]
[2023-06-30 00:56:41,334: INFO: common: Directory artifacts created successfully]
[2023-06-30 00:56:41,334: INFO: common: Directory artifacts/save created successfully]
[2023-06-30 00:56:42,034: INFO: common: yaml file: config/config.yaml loaded successfully]
[2023-06-30 00:56:42,036: INFO: common: yaml file: params.yaml loaded successfully]
[2023-06-30 00:56:42,036: INFO: common: Directory artifacts created successfully]
[2023-06-30 00:56:42,038: INFO: common: yaml file: config/config.yaml loaded successfully]
[2023-06-30 00:56:42,039: INFO: common: yaml file: params.yaml loaded successfully]
[2023-06-30 00:56:42,040: INFO: common: Directory artifacts created successfully]
[2023-06-30 00:56:42,041: INFO: common: yaml file: config/config.yaml loaded successfully]
[2023-06-30 00:56:42,042: INFO: common: yaml file: params.yaml loaded successfully]
[2023-06-30 00:56:42,042: INFO: common: Directory artifacts created successfully]
[2023-06-30 00:56:42,042: INFO: main: >>>> Stage Data Load Stage started <<<<]
[2023-06-30 00:56:48,030: INFO: main: >>>> Stage Data Load Stage completed <<<<

X=============================X]
[2023-06-30 00:56:48,030: INFO: main: >>>> Stage Data Prepare Stage started <<<<]
[2023-06-30 00:56:48,032: INFO: main: >>>> Stage Data Prepare Stage completed <<<<

X=============================X]
[2023-06-30 00:56:48,032: INFO: main: >>>> Stage Data Prepare Stage started <<<<]
[2023-06-30 00:56:48,032: ERROR: main: [Errno 2] No such file or directory: 'None']
Traceback (most recent call last):
  File "/home/shaw/Documents/Projects/Chatbot/main.py", line 52, in <module>
    train.initialize()
  File "/home/shaw/Documents/Projects/Chatbot/src/ChatBot/pipeline/stage05_training.py", line 20, in initialize
    checkpoint = torch.load(config.loadFilename)
                 ^^^^^^^^^^^^^^^^^^^^^^^^^^^^^^^
  File "/home/shaw/Documents/Projects/Chatbot/venv/lib/python3.11/site-packages/torch/serialization.py", line 791, in load
    with _open_file_like(f, 'rb') as opened_file:
         ^^^^^^^^^^^^^^^^^^^^^^^^
  File "/home/shaw/Documents/Projects/Chatbot/venv/lib/python3.11/site-packages/torch/serialization.py", line 271, in _open_file_like
    return _open_file(name_or_buffer, mode)
           ^^^^^^^^^^^^^^^^^^^^^^^^^^^^^^^^
  File "/home/shaw/Documents/Projects/Chatbot/venv/lib/python3.11/site-packages/torch/serialization.py", line 252, in __init__
    super().__init__(open(name, mode))
                     ^^^^^^^^^^^^^^^^
FileNotFoundError: [Errno 2] No such file or directory: 'None'
[2023-06-30 00:57:47,154: INFO: common: yaml file: config/config.yaml loaded successfully]
[2023-06-30 00:57:47,156: INFO: common: yaml file: params.yaml loaded successfully]
[2023-06-30 00:57:47,156: INFO: common: Directory artifacts created successfully]
[2023-06-30 00:57:47,156: INFO: common: Directory artifacts/save created successfully]
[2023-06-30 00:57:47,157: INFO: common: yaml file: config/config.yaml loaded successfully]
[2023-06-30 00:57:47,158: INFO: common: yaml file: params.yaml loaded successfully]
[2023-06-30 00:57:47,158: INFO: common: Directory artifacts created successfully]
[2023-06-30 00:57:47,158: INFO: common: Directory artifacts/save created successfully]
[2023-06-30 00:57:47,861: INFO: common: yaml file: config/config.yaml loaded successfully]
[2023-06-30 00:57:47,862: INFO: common: yaml file: params.yaml loaded successfully]
[2023-06-30 00:57:47,862: INFO: common: Directory artifacts created successfully]
[2023-06-30 00:57:47,865: INFO: common: yaml file: config/config.yaml loaded successfully]
[2023-06-30 00:57:47,866: INFO: common: yaml file: params.yaml loaded successfully]
[2023-06-30 00:57:47,866: INFO: common: Directory artifacts created successfully]
[2023-06-30 00:57:47,867: INFO: common: yaml file: config/config.yaml loaded successfully]
[2023-06-30 00:57:47,868: INFO: common: yaml file: params.yaml loaded successfully]
[2023-06-30 00:57:47,868: INFO: common: Directory artifacts created successfully]
[2023-06-30 00:57:47,868: INFO: main: >>>> Stage Data Load Stage started <<<<]
[2023-06-30 00:57:53,802: INFO: main: >>>> Stage Data Load Stage completed <<<<

X=============================X]
[2023-06-30 00:57:53,802: INFO: main: >>>> Stage Data Prepare Stage started <<<<]
[2023-06-30 00:57:53,804: INFO: main: >>>> Stage Data Prepare Stage completed <<<<

X=============================X]
[2023-06-30 00:57:53,804: INFO: main: >>>> Stage Data Prepare Stage started <<<<]
[2023-06-30 00:57:53,804: ERROR: main: [Errno 2] No such file or directory: 'None']
Traceback (most recent call last):
  File "/home/shaw/Documents/Projects/Chatbot/main.py", line 52, in <module>
    train.initialize()
  File "/home/shaw/Documents/Projects/Chatbot/src/ChatBot/pipeline/stage05_training.py", line 20, in initialize
    checkpoint = torch.load(config.loadFilename)
                 ^^^^^^^^^^^^^^^^^^^^^^^^^^^^^^^
  File "/home/shaw/Documents/Projects/Chatbot/venv/lib/python3.11/site-packages/torch/serialization.py", line 791, in load
    with _open_file_like(f, 'rb') as opened_file:
         ^^^^^^^^^^^^^^^^^^^^^^^^
  File "/home/shaw/Documents/Projects/Chatbot/venv/lib/python3.11/site-packages/torch/serialization.py", line 271, in _open_file_like
    return _open_file(name_or_buffer, mode)
           ^^^^^^^^^^^^^^^^^^^^^^^^^^^^^^^^
  File "/home/shaw/Documents/Projects/Chatbot/venv/lib/python3.11/site-packages/torch/serialization.py", line 252, in __init__
    super().__init__(open(name, mode))
                     ^^^^^^^^^^^^^^^^
FileNotFoundError: [Errno 2] No such file or directory: 'None'
[2023-06-30 00:58:58,035: INFO: common: yaml file: config/config.yaml loaded successfully]
[2023-06-30 00:58:58,037: INFO: common: yaml file: params.yaml loaded successfully]
[2023-06-30 00:58:58,037: INFO: common: Directory artifacts created successfully]
[2023-06-30 00:58:58,037: INFO: common: Directory artifacts/save created successfully]
[2023-06-30 00:58:58,038: INFO: common: yaml file: config/config.yaml loaded successfully]
[2023-06-30 00:58:58,040: INFO: common: yaml file: params.yaml loaded successfully]
[2023-06-30 00:58:58,040: INFO: common: Directory artifacts created successfully]
[2023-06-30 00:58:58,040: INFO: common: Directory artifacts/save created successfully]
[2023-06-30 00:58:58,748: INFO: common: yaml file: config/config.yaml loaded successfully]
[2023-06-30 00:58:58,749: INFO: common: yaml file: params.yaml loaded successfully]
[2023-06-30 00:58:58,749: INFO: common: Directory artifacts created successfully]
[2023-06-30 00:58:58,751: INFO: common: yaml file: config/config.yaml loaded successfully]
[2023-06-30 00:58:58,752: INFO: common: yaml file: params.yaml loaded successfully]
[2023-06-30 00:58:58,753: INFO: common: Directory artifacts created successfully]
[2023-06-30 00:58:58,754: INFO: common: yaml file: config/config.yaml loaded successfully]
[2023-06-30 00:58:58,755: INFO: common: yaml file: params.yaml loaded successfully]
[2023-06-30 00:58:58,755: INFO: common: Directory artifacts created successfully]
[2023-06-30 00:58:58,755: INFO: main: >>>> Stage Data Load Stage started <<<<]
[2023-06-30 00:59:04,721: INFO: main: >>>> Stage Data Load Stage completed <<<<

X=============================X]
[2023-06-30 00:59:04,721: INFO: main: >>>> Stage Data Prepare Stage started <<<<]
[2023-06-30 00:59:04,722: INFO: main: >>>> Stage Data Prepare Stage completed <<<<

X=============================X]
[2023-06-30 00:59:04,723: INFO: main: >>>> Stage Data Prepare Stage started <<<<]
[2023-06-30 00:59:04,723: ERROR: main: cannot access local variable 'loadFilename' where it is not associated with a value]
Traceback (most recent call last):
  File "/home/shaw/Documents/Projects/Chatbot/main.py", line 52, in <module>
    train.initialize()
  File "/home/shaw/Documents/Projects/Chatbot/src/ChatBot/pipeline/stage05_training.py", line 15, in initialize
    if loadFilename!='None':
       ^^^^^^^^^^^^
UnboundLocalError: cannot access local variable 'loadFilename' where it is not associated with a value
[2023-06-30 01:00:11,073: INFO: common: yaml file: config/config.yaml loaded successfully]
[2023-06-30 01:00:11,074: INFO: common: yaml file: params.yaml loaded successfully]
[2023-06-30 01:00:11,074: INFO: common: Directory artifacts created successfully]
[2023-06-30 01:00:11,074: INFO: common: Directory artifacts/save created successfully]
[2023-06-30 01:00:11,075: INFO: common: yaml file: config/config.yaml loaded successfully]
[2023-06-30 01:00:11,076: INFO: common: yaml file: params.yaml loaded successfully]
[2023-06-30 01:00:11,076: INFO: common: Directory artifacts created successfully]
[2023-06-30 01:00:11,076: INFO: common: Directory artifacts/save created successfully]
[2023-06-30 01:00:11,782: INFO: common: yaml file: config/config.yaml loaded successfully]
[2023-06-30 01:00:11,783: INFO: common: yaml file: params.yaml loaded successfully]
[2023-06-30 01:00:11,783: INFO: common: Directory artifacts created successfully]
[2023-06-30 01:00:11,785: INFO: common: yaml file: config/config.yaml loaded successfully]
[2023-06-30 01:00:11,786: INFO: common: yaml file: params.yaml loaded successfully]
[2023-06-30 01:00:11,787: INFO: common: Directory artifacts created successfully]
[2023-06-30 01:00:11,788: INFO: common: yaml file: config/config.yaml loaded successfully]
[2023-06-30 01:00:11,789: INFO: common: yaml file: params.yaml loaded successfully]
[2023-06-30 01:00:11,789: INFO: common: Directory artifacts created successfully]
[2023-06-30 01:00:11,789: INFO: main: >>>> Stage Data Load Stage started <<<<]
[2023-06-30 01:00:17,842: INFO: main: >>>> Stage Data Load Stage completed <<<<

X=============================X]
[2023-06-30 01:00:17,842: INFO: main: >>>> Stage Data Prepare Stage started <<<<]
[2023-06-30 01:00:17,843: INFO: main: >>>> Stage Data Prepare Stage completed <<<<

X=============================X]
[2023-06-30 01:00:17,844: INFO: main: >>>> Stage Data Prepare Stage started <<<<]
[2023-06-30 01:00:17,860: ERROR: main: cannot access local variable 'loadFilename' where it is not associated with a value]
Traceback (most recent call last):
  File "/home/shaw/Documents/Projects/Chatbot/main.py", line 52, in <module>
    train.initialize()
  File "/home/shaw/Documents/Projects/Chatbot/src/ChatBot/pipeline/stage05_training.py", line 33, in initialize
    if loadFilename:
       ^^^^^^^^^^^^
UnboundLocalError: cannot access local variable 'loadFilename' where it is not associated with a value
[2023-06-30 01:00:44,765: INFO: common: yaml file: config/config.yaml loaded successfully]
[2023-06-30 01:00:44,766: INFO: common: yaml file: params.yaml loaded successfully]
[2023-06-30 01:00:44,767: INFO: common: Directory artifacts created successfully]
[2023-06-30 01:00:44,767: INFO: common: Directory artifacts/save created successfully]
[2023-06-30 01:00:44,768: INFO: common: yaml file: config/config.yaml loaded successfully]
[2023-06-30 01:00:44,769: INFO: common: yaml file: params.yaml loaded successfully]
[2023-06-30 01:00:44,770: INFO: common: Directory artifacts created successfully]
[2023-06-30 01:00:44,770: INFO: common: Directory artifacts/save created successfully]
[2023-06-30 01:00:45,482: INFO: common: yaml file: config/config.yaml loaded successfully]
[2023-06-30 01:00:45,483: INFO: common: yaml file: params.yaml loaded successfully]
[2023-06-30 01:00:45,484: INFO: common: Directory artifacts created successfully]
[2023-06-30 01:00:45,486: INFO: common: yaml file: config/config.yaml loaded successfully]
[2023-06-30 01:00:45,487: INFO: common: yaml file: params.yaml loaded successfully]
[2023-06-30 01:00:45,487: INFO: common: Directory artifacts created successfully]
[2023-06-30 01:00:45,488: INFO: common: yaml file: config/config.yaml loaded successfully]
[2023-06-30 01:00:45,489: INFO: common: yaml file: params.yaml loaded successfully]
[2023-06-30 01:00:45,489: INFO: common: Directory artifacts created successfully]
[2023-06-30 01:00:45,489: INFO: main: >>>> Stage Data Load Stage started <<<<]
[2023-06-30 01:00:51,499: INFO: main: >>>> Stage Data Load Stage completed <<<<

X=============================X]
[2023-06-30 01:00:51,499: INFO: main: >>>> Stage Data Prepare Stage started <<<<]
[2023-06-30 01:00:51,500: INFO: main: >>>> Stage Data Prepare Stage completed <<<<

X=============================X]
[2023-06-30 01:00:51,500: INFO: main: >>>> Stage Data Prepare Stage started <<<<]
[2023-06-30 01:00:51,517: ERROR: main: cannot access local variable 'embedding_sd' where it is not associated with a value]
Traceback (most recent call last):
  File "/home/shaw/Documents/Projects/Chatbot/main.py", line 52, in <module>
    train.initialize()
  File "/home/shaw/Documents/Projects/Chatbot/src/ChatBot/pipeline/stage05_training.py", line 34, in initialize
    embedding.load_state_dict(embedding_sd)
                              ^^^^^^^^^^^^
UnboundLocalError: cannot access local variable 'embedding_sd' where it is not associated with a value
[2023-06-30 01:01:35,391: INFO: common: yaml file: config/config.yaml loaded successfully]
[2023-06-30 01:01:35,392: INFO: common: yaml file: params.yaml loaded successfully]
[2023-06-30 01:01:35,392: INFO: common: Directory artifacts created successfully]
[2023-06-30 01:01:35,392: INFO: common: Directory artifacts/save created successfully]
[2023-06-30 01:01:35,393: INFO: common: yaml file: config/config.yaml loaded successfully]
[2023-06-30 01:01:35,394: INFO: common: yaml file: params.yaml loaded successfully]
[2023-06-30 01:01:35,395: INFO: common: Directory artifacts created successfully]
[2023-06-30 01:01:35,395: INFO: common: Directory artifacts/save created successfully]
[2023-06-30 01:01:36,100: INFO: common: yaml file: config/config.yaml loaded successfully]
[2023-06-30 01:01:36,101: INFO: common: yaml file: params.yaml loaded successfully]
[2023-06-30 01:01:36,101: INFO: common: Directory artifacts created successfully]
[2023-06-30 01:01:36,103: INFO: common: yaml file: config/config.yaml loaded successfully]
[2023-06-30 01:01:36,104: INFO: common: yaml file: params.yaml loaded successfully]
[2023-06-30 01:01:36,104: INFO: common: Directory artifacts created successfully]
[2023-06-30 01:01:36,105: INFO: common: yaml file: config/config.yaml loaded successfully]
[2023-06-30 01:01:36,106: INFO: common: yaml file: params.yaml loaded successfully]
[2023-06-30 01:01:36,107: INFO: common: Directory artifacts created successfully]
[2023-06-30 01:01:36,107: INFO: main: >>>> Stage Data Load Stage started <<<<]
[2023-06-30 01:01:42,115: INFO: main: >>>> Stage Data Load Stage completed <<<<

X=============================X]
[2023-06-30 01:01:42,115: INFO: main: >>>> Stage Data Prepare Stage started <<<<]
[2023-06-30 01:01:42,117: INFO: main: >>>> Stage Data Prepare Stage completed <<<<

X=============================X]
[2023-06-30 01:01:42,117: INFO: main: >>>> Stage Data Prepare Stage started <<<<]
[2023-06-30 01:01:42,135: ERROR: main: name 'EncoderRNN' is not defined]
Traceback (most recent call last):
  File "/home/shaw/Documents/Projects/Chatbot/main.py", line 52, in <module>
    train.initialize()
  File "/home/shaw/Documents/Projects/Chatbot/src/ChatBot/pipeline/stage05_training.py", line 36, in initialize
    encoder = EncoderRNN(config.hidden_size, embedding, config.encoder_n_layers, config.dropout)
              ^^^^^^^^^^
NameError: name 'EncoderRNN' is not defined
[2023-06-30 01:02:42,755: INFO: common: yaml file: config/config.yaml loaded successfully]
[2023-06-30 01:02:42,756: INFO: common: yaml file: params.yaml loaded successfully]
[2023-06-30 01:02:42,756: INFO: common: Directory artifacts created successfully]
[2023-06-30 01:02:42,756: INFO: common: Directory artifacts/save created successfully]
[2023-06-30 01:02:42,757: INFO: common: yaml file: config/config.yaml loaded successfully]
[2023-06-30 01:02:42,758: INFO: common: yaml file: params.yaml loaded successfully]
[2023-06-30 01:02:42,758: INFO: common: Directory artifacts created successfully]
[2023-06-30 01:02:42,758: INFO: common: Directory artifacts/save created successfully]
[2023-06-30 01:02:43,459: INFO: common: yaml file: config/config.yaml loaded successfully]
[2023-06-30 01:02:43,461: INFO: common: yaml file: params.yaml loaded successfully]
[2023-06-30 01:02:43,461: INFO: common: Directory artifacts created successfully]
[2023-06-30 01:02:43,463: INFO: common: yaml file: config/config.yaml loaded successfully]
[2023-06-30 01:02:43,464: INFO: common: yaml file: params.yaml loaded successfully]
[2023-06-30 01:02:43,464: INFO: common: Directory artifacts created successfully]
[2023-06-30 01:03:05,278: INFO: common: yaml file: config/config.yaml loaded successfully]
[2023-06-30 01:03:05,279: INFO: common: yaml file: params.yaml loaded successfully]
[2023-06-30 01:03:05,280: INFO: common: Directory artifacts created successfully]
[2023-06-30 01:03:05,280: INFO: common: Directory artifacts/save created successfully]
[2023-06-30 01:03:05,281: INFO: common: yaml file: config/config.yaml loaded successfully]
[2023-06-30 01:03:05,283: INFO: common: yaml file: params.yaml loaded successfully]
[2023-06-30 01:03:05,283: INFO: common: Directory artifacts created successfully]
[2023-06-30 01:03:05,283: INFO: common: Directory artifacts/save created successfully]
[2023-06-30 01:03:05,991: INFO: common: yaml file: config/config.yaml loaded successfully]
[2023-06-30 01:03:05,993: INFO: common: yaml file: params.yaml loaded successfully]
[2023-06-30 01:03:05,993: INFO: common: Directory artifacts created successfully]
[2023-06-30 01:03:05,995: INFO: common: yaml file: config/config.yaml loaded successfully]
[2023-06-30 01:03:05,997: INFO: common: yaml file: params.yaml loaded successfully]
[2023-06-30 01:03:05,997: INFO: common: Directory artifacts created successfully]
[2023-06-30 01:04:44,551: INFO: common: yaml file: config/config.yaml loaded successfully]
[2023-06-30 01:04:44,553: INFO: common: yaml file: params.yaml loaded successfully]
[2023-06-30 01:04:44,553: INFO: common: Directory artifacts created successfully]
[2023-06-30 01:04:44,553: INFO: common: Directory artifacts/save created successfully]
[2023-06-30 01:04:44,554: INFO: common: yaml file: config/config.yaml loaded successfully]
[2023-06-30 01:04:44,555: INFO: common: yaml file: params.yaml loaded successfully]
[2023-06-30 01:04:44,555: INFO: common: Directory artifacts created successfully]
[2023-06-30 01:04:44,555: INFO: common: Directory artifacts/save created successfully]
[2023-06-30 01:04:45,266: INFO: common: yaml file: config/config.yaml loaded successfully]
[2023-06-30 01:04:45,267: INFO: common: yaml file: params.yaml loaded successfully]
[2023-06-30 01:04:45,268: INFO: common: Directory artifacts created successfully]
[2023-06-30 01:04:45,270: INFO: common: yaml file: config/config.yaml loaded successfully]
[2023-06-30 01:04:45,271: INFO: common: yaml file: params.yaml loaded successfully]
[2023-06-30 01:04:45,271: INFO: common: Directory artifacts created successfully]
[2023-06-30 01:04:45,273: INFO: common: yaml file: config/config.yaml loaded successfully]
[2023-06-30 01:04:45,274: INFO: common: yaml file: params.yaml loaded successfully]
[2023-06-30 01:04:45,275: INFO: common: Directory artifacts created successfully]
[2023-06-30 01:04:45,275: INFO: main: >>>> Stage Data Load Stage started <<<<]
[2023-06-30 01:04:51,362: INFO: main: >>>> Stage Data Load Stage completed <<<<

X=============================X]
[2023-06-30 01:04:51,362: INFO: main: >>>> Stage Data Prepare Stage started <<<<]
[2023-06-30 01:04:51,363: INFO: main: >>>> Stage Data Prepare Stage completed <<<<

X=============================X]
[2023-06-30 01:04:51,364: INFO: main: >>>> Stage Data Prepare Stage started <<<<]
[2023-06-30 01:04:51,454: ERROR: main: name 'Attn' is not defined]
Traceback (most recent call last):
  File "/home/shaw/Documents/Projects/Chatbot/main.py", line 52, in <module>
    train.initialize()
  File "/home/shaw/Documents/Projects/Chatbot/src/ChatBot/pipeline/stage05_training.py", line 40, in initialize
    decoder = LuongAttnDecoderRNN(config.attn_model, embedding, config.hidden_size, self.voc.num_words, config.decoder_n_layers, config.dropout)
              ^^^^^^^^^^^^^^^^^^^^^^^^^^^^^^^^^^^^^^^^^^^^^^^^^^^^^^^^^^^^^^^^^^^^^^^^^^^^^^^^^^^^^^^^^^^^^^^^^^^^^^^^^^^^^^^^^^^^^^^^^^^^^^^^^^
  File "/home/shaw/Documents/Projects/Chatbot/src/ChatBot/models/DecoderRNN.py", line 21, in __init__
    self.attn = Attn(attn_model, hidden_size)
                ^^^^
NameError: name 'Attn' is not defined
[2023-06-30 01:05:38,077: INFO: common: yaml file: config/config.yaml loaded successfully]
[2023-06-30 01:05:38,078: INFO: common: yaml file: params.yaml loaded successfully]
[2023-06-30 01:05:38,079: INFO: common: Directory artifacts created successfully]
[2023-06-30 01:05:38,079: INFO: common: Directory artifacts/save created successfully]
[2023-06-30 01:05:38,080: INFO: common: yaml file: config/config.yaml loaded successfully]
[2023-06-30 01:05:38,081: INFO: common: yaml file: params.yaml loaded successfully]
[2023-06-30 01:05:38,081: INFO: common: Directory artifacts created successfully]
[2023-06-30 01:05:38,081: INFO: common: Directory artifacts/save created successfully]
[2023-06-30 01:05:38,784: INFO: common: yaml file: config/config.yaml loaded successfully]
[2023-06-30 01:05:38,786: INFO: common: yaml file: params.yaml loaded successfully]
[2023-06-30 01:05:38,786: INFO: common: Directory artifacts created successfully]
[2023-06-30 01:05:38,788: INFO: common: yaml file: config/config.yaml loaded successfully]
[2023-06-30 01:05:38,789: INFO: common: yaml file: params.yaml loaded successfully]
[2023-06-30 01:05:38,789: INFO: common: Directory artifacts created successfully]
[2023-06-30 01:05:38,792: INFO: common: yaml file: config/config.yaml loaded successfully]
[2023-06-30 01:05:38,793: INFO: common: yaml file: params.yaml loaded successfully]
[2023-06-30 01:05:38,793: INFO: common: Directory artifacts created successfully]
[2023-06-30 01:05:38,793: INFO: main: >>>> Stage Data Load Stage started <<<<]
[2023-06-30 01:05:44,729: INFO: main: >>>> Stage Data Load Stage completed <<<<

X=============================X]
[2023-06-30 01:05:44,729: INFO: main: >>>> Stage Data Prepare Stage started <<<<]
[2023-06-30 01:05:44,731: INFO: main: >>>> Stage Data Prepare Stage completed <<<<

X=============================X]
[2023-06-30 01:05:44,731: INFO: main: >>>> Stage Data Prepare Stage started <<<<]
[2023-06-30 01:05:44,817: ERROR: main: name 'optim' is not defined]
Traceback (most recent call last):
  File "/home/shaw/Documents/Projects/Chatbot/main.py", line 52, in <module>
    train.initialize()
  File "/home/shaw/Documents/Projects/Chatbot/src/ChatBot/pipeline/stage05_training.py", line 50, in initialize
    encoder_optimizer = optim.Adam(encoder.parameters(), lr=config.learning_rate)
                        ^^^^^
NameError: name 'optim' is not defined
[2023-06-30 01:06:14,522: INFO: common: yaml file: config/config.yaml loaded successfully]
[2023-06-30 01:06:14,523: INFO: common: yaml file: params.yaml loaded successfully]
[2023-06-30 01:06:14,524: INFO: common: Directory artifacts created successfully]
[2023-06-30 01:06:14,524: INFO: common: Directory artifacts/save created successfully]
[2023-06-30 01:06:14,525: INFO: common: yaml file: config/config.yaml loaded successfully]
[2023-06-30 01:06:14,526: INFO: common: yaml file: params.yaml loaded successfully]
[2023-06-30 01:06:14,526: INFO: common: Directory artifacts created successfully]
[2023-06-30 01:06:14,526: INFO: common: Directory artifacts/save created successfully]
[2023-06-30 01:06:15,228: INFO: common: yaml file: config/config.yaml loaded successfully]
[2023-06-30 01:06:15,229: INFO: common: yaml file: params.yaml loaded successfully]
[2023-06-30 01:06:15,229: INFO: common: Directory artifacts created successfully]
[2023-06-30 01:06:15,231: INFO: common: yaml file: config/config.yaml loaded successfully]
[2023-06-30 01:06:15,233: INFO: common: yaml file: params.yaml loaded successfully]
[2023-06-30 01:06:15,233: INFO: common: Directory artifacts created successfully]
[2023-06-30 01:06:15,235: INFO: common: yaml file: config/config.yaml loaded successfully]
[2023-06-30 01:06:15,236: INFO: common: yaml file: params.yaml loaded successfully]
[2023-06-30 01:06:15,236: INFO: common: Directory artifacts created successfully]
[2023-06-30 01:06:15,236: INFO: main: >>>> Stage Data Load Stage started <<<<]
[2023-06-30 01:06:21,170: INFO: main: >>>> Stage Data Load Stage completed <<<<

X=============================X]
[2023-06-30 01:06:21,170: INFO: main: >>>> Stage Data Prepare Stage started <<<<]
[2023-06-30 01:06:21,172: INFO: main: >>>> Stage Data Prepare Stage completed <<<<

X=============================X]
[2023-06-30 01:06:21,172: INFO: main: >>>> Stage Data Prepare Stage started <<<<]
[2023-06-30 01:06:21,257: ERROR: main: name 'batch2TrainData' is not defined]
Traceback (most recent call last):
  File "/home/shaw/Documents/Projects/Chatbot/main.py", line 52, in <module>
    train.initialize()
  File "/home/shaw/Documents/Projects/Chatbot/src/ChatBot/pipeline/stage05_training.py", line 58, in initialize
    trainIters(config.model_name, self.voc, self.pairs, encoder, decoder, encoder_optimizer, decoder_optimizer,
  File "/home/shaw/Documents/Projects/Chatbot/src/ChatBot/components/train.py", line 93, in trainIters
    training_batches = [batch2TrainData(voc, [random.choice(pairs) for _ in range(batch_size)])
                       ^^^^^^^^^^^^^^^^^^^^^^^^^^^^^^^^^^^^^^^^^^^^^^^^^^^^^^^^^^^^^^^^^^^^^^^^
  File "/home/shaw/Documents/Projects/Chatbot/src/ChatBot/components/train.py", line 93, in <listcomp>
    training_batches = [batch2TrainData(voc, [random.choice(pairs) for _ in range(batch_size)])
                        ^^^^^^^^^^^^^^^
NameError: name 'batch2TrainData' is not defined
[2023-06-30 01:08:01,474: INFO: common: yaml file: config/config.yaml loaded successfully]
[2023-06-30 01:08:01,476: INFO: common: yaml file: params.yaml loaded successfully]
[2023-06-30 01:08:01,476: INFO: common: Directory artifacts created successfully]
[2023-06-30 01:08:01,476: INFO: common: Directory artifacts/save created successfully]
[2023-06-30 01:08:01,477: INFO: common: yaml file: config/config.yaml loaded successfully]
[2023-06-30 01:08:01,478: INFO: common: yaml file: params.yaml loaded successfully]
[2023-06-30 01:08:01,478: INFO: common: Directory artifacts created successfully]
[2023-06-30 01:08:01,478: INFO: common: Directory artifacts/save created successfully]
[2023-06-30 01:08:02,180: INFO: common: yaml file: config/config.yaml loaded successfully]
[2023-06-30 01:08:02,181: INFO: common: yaml file: params.yaml loaded successfully]
[2023-06-30 01:08:02,182: INFO: common: Directory artifacts created successfully]
[2023-06-30 01:08:02,184: INFO: common: yaml file: config/config.yaml loaded successfully]
[2023-06-30 01:08:02,186: INFO: common: yaml file: params.yaml loaded successfully]
[2023-06-30 01:08:02,186: INFO: common: Directory artifacts created successfully]
[2023-06-30 01:08:02,188: INFO: common: yaml file: config/config.yaml loaded successfully]
[2023-06-30 01:08:02,190: INFO: common: yaml file: params.yaml loaded successfully]
[2023-06-30 01:08:02,190: INFO: common: Directory artifacts created successfully]
[2023-06-30 01:08:02,190: INFO: main: >>>> Stage Data Load Stage started <<<<]
[2023-06-30 01:08:08,153: INFO: main: >>>> Stage Data Load Stage completed <<<<

X=============================X]
[2023-06-30 01:08:08,153: INFO: main: >>>> Stage Data Prepare Stage started <<<<]
[2023-06-30 01:08:08,155: INFO: main: >>>> Stage Data Prepare Stage completed <<<<

X=============================X]
[2023-06-30 01:08:08,155: INFO: main: >>>> Stage Data Prepare Stage started <<<<]
[2023-06-30 01:08:09,362: ERROR: main: name 'device' is not defined]
Traceback (most recent call last):
  File "/home/shaw/Documents/Projects/Chatbot/main.py", line 52, in <module>
    train.initialize()
  File "/home/shaw/Documents/Projects/Chatbot/src/ChatBot/pipeline/stage05_training.py", line 58, in initialize
    trainIters(config.model_name, self.voc, self.pairs, encoder, decoder, encoder_optimizer, decoder_optimizer,
  File "/home/shaw/Documents/Projects/Chatbot/src/ChatBot/components/train.py", line 112, in trainIters
    loss = train(input_variable, lengths, target_variable, mask, max_target_len, encoder,
           ^^^^^^^^^^^^^^^^^^^^^^^^^^^^^^^^^^^^^^^^^^^^^^^^^^^^^^^^^^^^^^^^^^^^^^^^^^^^^^
  File "/home/shaw/Documents/Projects/Chatbot/src/ChatBot/components/train.py", line 26, in train
    input_variable = input_variable.to(device)
                                       ^^^^^^
NameError: name 'device' is not defined
[2023-06-30 01:08:42,060: INFO: common: yaml file: config/config.yaml loaded successfully]
[2023-06-30 01:08:42,061: INFO: common: yaml file: params.yaml loaded successfully]
[2023-06-30 01:08:42,061: INFO: common: Directory artifacts created successfully]
[2023-06-30 01:08:42,061: INFO: common: Directory artifacts/save created successfully]
[2023-06-30 01:08:42,062: INFO: common: yaml file: config/config.yaml loaded successfully]
[2023-06-30 01:08:42,063: INFO: common: yaml file: params.yaml loaded successfully]
[2023-06-30 01:08:42,063: INFO: common: Directory artifacts created successfully]
[2023-06-30 01:08:42,063: INFO: common: Directory artifacts/save created successfully]
[2023-06-30 01:08:42,761: INFO: common: yaml file: config/config.yaml loaded successfully]
[2023-06-30 01:08:42,763: INFO: common: yaml file: params.yaml loaded successfully]
[2023-06-30 01:08:42,763: INFO: common: Directory artifacts created successfully]
[2023-06-30 01:08:42,766: INFO: common: yaml file: config/config.yaml loaded successfully]
[2023-06-30 01:08:42,767: INFO: common: yaml file: params.yaml loaded successfully]
[2023-06-30 01:08:42,767: INFO: common: Directory artifacts created successfully]
[2023-06-30 01:08:42,770: INFO: common: yaml file: config/config.yaml loaded successfully]
[2023-06-30 01:08:42,771: INFO: common: yaml file: params.yaml loaded successfully]
[2023-06-30 01:08:42,771: INFO: common: Directory artifacts created successfully]
[2023-06-30 01:08:42,771: INFO: main: >>>> Stage Data Load Stage started <<<<]
[2023-06-30 01:08:48,710: INFO: main: >>>> Stage Data Load Stage completed <<<<

X=============================X]
[2023-06-30 01:08:48,710: INFO: main: >>>> Stage Data Prepare Stage started <<<<]
[2023-06-30 01:08:48,711: INFO: main: >>>> Stage Data Prepare Stage completed <<<<

X=============================X]
[2023-06-30 01:08:48,711: INFO: main: >>>> Stage Data Prepare Stage started <<<<]
[2023-06-30 01:08:49,954: ERROR: main: name 'teacher_forcing_ratio' is not defined]
Traceback (most recent call last):
  File "/home/shaw/Documents/Projects/Chatbot/main.py", line 52, in <module>
    train.initialize()
  File "/home/shaw/Documents/Projects/Chatbot/src/ChatBot/pipeline/stage05_training.py", line 58, in initialize
    trainIters(config.model_name, self.voc, self.pairs, encoder, decoder, encoder_optimizer, decoder_optimizer,
  File "/home/shaw/Documents/Projects/Chatbot/src/ChatBot/components/train.py", line 114, in trainIters
    loss = train(input_variable, lengths, target_variable, mask, max_target_len, encoder,
           ^^^^^^^^^^^^^^^^^^^^^^^^^^^^^^^^^^^^^^^^^^^^^^^^^^^^^^^^^^^^^^^^^^^^^^^^^^^^^^
  File "/home/shaw/Documents/Projects/Chatbot/src/ChatBot/components/train.py", line 50, in train
    use_teacher_forcing = True if random.random() < teacher_forcing_ratio else False
                                                    ^^^^^^^^^^^^^^^^^^^^^
NameError: name 'teacher_forcing_ratio' is not defined
[2023-06-30 01:09:21,331: INFO: common: yaml file: config/config.yaml loaded successfully]
[2023-06-30 01:09:21,332: INFO: common: yaml file: params.yaml loaded successfully]
[2023-06-30 01:09:21,332: INFO: common: Directory artifacts created successfully]
[2023-06-30 01:09:21,332: INFO: common: Directory artifacts/save created successfully]
[2023-06-30 01:09:21,334: INFO: common: yaml file: config/config.yaml loaded successfully]
[2023-06-30 01:09:21,335: INFO: common: yaml file: params.yaml loaded successfully]
[2023-06-30 01:09:21,335: INFO: common: Directory artifacts created successfully]
[2023-06-30 01:09:21,335: INFO: common: Directory artifacts/save created successfully]
[2023-06-30 01:09:22,047: INFO: common: yaml file: config/config.yaml loaded successfully]
[2023-06-30 01:09:22,048: INFO: common: yaml file: params.yaml loaded successfully]
[2023-06-30 01:09:22,048: INFO: common: Directory artifacts created successfully]
[2023-06-30 01:09:22,050: INFO: common: yaml file: config/config.yaml loaded successfully]
[2023-06-30 01:09:22,052: INFO: common: yaml file: params.yaml loaded successfully]
[2023-06-30 01:09:22,052: INFO: common: Directory artifacts created successfully]
[2023-06-30 01:09:22,053: INFO: common: yaml file: config/config.yaml loaded successfully]
[2023-06-30 01:09:22,055: INFO: common: yaml file: params.yaml loaded successfully]
[2023-06-30 01:09:22,055: INFO: common: Directory artifacts created successfully]
[2023-06-30 01:09:22,055: INFO: main: >>>> Stage Data Load Stage started <<<<]
[2023-06-30 01:09:28,040: INFO: main: >>>> Stage Data Load Stage completed <<<<

X=============================X]
[2023-06-30 01:09:28,040: INFO: main: >>>> Stage Data Prepare Stage started <<<<]
[2023-06-30 01:09:28,042: INFO: main: >>>> Stage Data Prepare Stage completed <<<<

X=============================X]
[2023-06-30 01:09:28,042: INFO: main: >>>> Stage Data Prepare Stage started <<<<]
[2023-06-30 01:09:29,347: ERROR: main: name 'F' is not defined]
Traceback (most recent call last):
  File "/home/shaw/Documents/Projects/Chatbot/main.py", line 52, in <module>
    train.initialize()
  File "/home/shaw/Documents/Projects/Chatbot/src/ChatBot/pipeline/stage05_training.py", line 58, in initialize
    trainIters(config.model_name, self.voc, self.pairs, encoder, decoder, encoder_optimizer, decoder_optimizer,
  File "/home/shaw/Documents/Projects/Chatbot/src/ChatBot/components/train.py", line 114, in trainIters
    loss = train(input_variable, lengths, target_variable, mask, max_target_len, encoder,
           ^^^^^^^^^^^^^^^^^^^^^^^^^^^^^^^^^^^^^^^^^^^^^^^^^^^^^^^^^^^^^^^^^^^^^^^^^^^^^^
  File "/home/shaw/Documents/Projects/Chatbot/src/ChatBot/components/train.py", line 55, in train
    decoder_output, decoder_hidden = decoder(
                                     ^^^^^^^^
  File "/home/shaw/Documents/Projects/Chatbot/venv/lib/python3.11/site-packages/torch/nn/modules/module.py", line 1501, in _call_impl
    return forward_call(*args, **kwargs)
           ^^^^^^^^^^^^^^^^^^^^^^^^^^^^^
  File "/home/shaw/Documents/Projects/Chatbot/src/ChatBot/models/DecoderRNN.py", line 33, in forward
    attn_weights = self.attn(rnn_output, encoder_outputs)
                   ^^^^^^^^^^^^^^^^^^^^^^^^^^^^^^^^^^^^^^
  File "/home/shaw/Documents/Projects/Chatbot/venv/lib/python3.11/site-packages/torch/nn/modules/module.py", line 1501, in _call_impl
    return forward_call(*args, **kwargs)
           ^^^^^^^^^^^^^^^^^^^^^^^^^^^^^
  File "/home/shaw/Documents/Projects/Chatbot/src/ChatBot/models/LuongAttention.py", line 41, in forward
    return F.softmax(attn_energies, dim=1).unsqueeze(1)
           ^
NameError: name 'F' is not defined
[2023-06-30 01:10:07,537: INFO: common: yaml file: config/config.yaml loaded successfully]
[2023-06-30 01:10:07,538: INFO: common: yaml file: params.yaml loaded successfully]
[2023-06-30 01:10:07,538: INFO: common: Directory artifacts created successfully]
[2023-06-30 01:10:07,538: INFO: common: Directory artifacts/save created successfully]
[2023-06-30 01:10:07,540: INFO: common: yaml file: config/config.yaml loaded successfully]
[2023-06-30 01:10:07,541: INFO: common: yaml file: params.yaml loaded successfully]
[2023-06-30 01:10:07,541: INFO: common: Directory artifacts created successfully]
[2023-06-30 01:10:07,541: INFO: common: Directory artifacts/save created successfully]
[2023-06-30 01:10:08,249: INFO: common: yaml file: config/config.yaml loaded successfully]
[2023-06-30 01:10:08,250: INFO: common: yaml file: params.yaml loaded successfully]
[2023-06-30 01:10:08,250: INFO: common: Directory artifacts created successfully]
[2023-06-30 01:10:08,251: INFO: common: yaml file: config/config.yaml loaded successfully]
[2023-06-30 01:10:08,253: INFO: common: yaml file: params.yaml loaded successfully]
[2023-06-30 01:10:08,253: INFO: common: Directory artifacts created successfully]
[2023-06-30 01:10:08,255: INFO: common: yaml file: config/config.yaml loaded successfully]
[2023-06-30 01:10:08,256: INFO: common: yaml file: params.yaml loaded successfully]
[2023-06-30 01:10:08,256: INFO: common: Directory artifacts created successfully]
[2023-06-30 01:10:08,256: INFO: main: >>>> Stage Data Load Stage started <<<<]
[2023-06-30 01:10:14,285: INFO: main: >>>> Stage Data Load Stage completed <<<<

X=============================X]
[2023-06-30 01:10:14,285: INFO: main: >>>> Stage Data Prepare Stage started <<<<]
[2023-06-30 01:10:14,286: INFO: main: >>>> Stage Data Prepare Stage completed <<<<

X=============================X]
[2023-06-30 01:10:14,286: INFO: main: >>>> Stage Data Prepare Stage started <<<<]
[2023-06-30 01:10:15,565: ERROR: main: name 'F' is not defined]
Traceback (most recent call last):
  File "/home/shaw/Documents/Projects/Chatbot/main.py", line 52, in <module>
    train.initialize()
  File "/home/shaw/Documents/Projects/Chatbot/src/ChatBot/pipeline/stage05_training.py", line 58, in initialize
    trainIters(config.model_name, self.voc, self.pairs, encoder, decoder, encoder_optimizer, decoder_optimizer,
  File "/home/shaw/Documents/Projects/Chatbot/src/ChatBot/components/train.py", line 114, in trainIters
    loss = train(input_variable, lengths, target_variable, mask, max_target_len, encoder,
           ^^^^^^^^^^^^^^^^^^^^^^^^^^^^^^^^^^^^^^^^^^^^^^^^^^^^^^^^^^^^^^^^^^^^^^^^^^^^^^
  File "/home/shaw/Documents/Projects/Chatbot/src/ChatBot/components/train.py", line 55, in train
    decoder_output, decoder_hidden = decoder(
                                     ^^^^^^^^
  File "/home/shaw/Documents/Projects/Chatbot/venv/lib/python3.11/site-packages/torch/nn/modules/module.py", line 1501, in _call_impl
    return forward_call(*args, **kwargs)
           ^^^^^^^^^^^^^^^^^^^^^^^^^^^^^
  File "/home/shaw/Documents/Projects/Chatbot/src/ChatBot/models/DecoderRNN.py", line 43, in forward
    output = F.softmax(output, dim=1)
             ^
NameError: name 'F' is not defined
[2023-06-30 01:10:43,828: INFO: common: yaml file: config/config.yaml loaded successfully]
[2023-06-30 01:10:43,829: INFO: common: yaml file: params.yaml loaded successfully]
[2023-06-30 01:10:43,830: INFO: common: Directory artifacts created successfully]
[2023-06-30 01:10:43,830: INFO: common: Directory artifacts/save created successfully]
[2023-06-30 01:10:43,831: INFO: common: yaml file: config/config.yaml loaded successfully]
[2023-06-30 01:10:43,832: INFO: common: yaml file: params.yaml loaded successfully]
[2023-06-30 01:10:43,833: INFO: common: Directory artifacts created successfully]
[2023-06-30 01:10:43,833: INFO: common: Directory artifacts/save created successfully]
[2023-06-30 01:10:44,545: INFO: common: yaml file: config/config.yaml loaded successfully]
[2023-06-30 01:10:44,547: INFO: common: yaml file: params.yaml loaded successfully]
[2023-06-30 01:10:44,547: INFO: common: Directory artifacts created successfully]
[2023-06-30 01:10:44,548: INFO: common: yaml file: config/config.yaml loaded successfully]
[2023-06-30 01:10:44,549: INFO: common: yaml file: params.yaml loaded successfully]
[2023-06-30 01:10:44,550: INFO: common: Directory artifacts created successfully]
[2023-06-30 01:10:44,552: INFO: common: yaml file: config/config.yaml loaded successfully]
[2023-06-30 01:10:44,553: INFO: common: yaml file: params.yaml loaded successfully]
[2023-06-30 01:10:44,553: INFO: common: Directory artifacts created successfully]
[2023-06-30 01:10:44,553: INFO: main: >>>> Stage Data Load Stage started <<<<]
[2023-06-30 01:10:50,621: INFO: main: >>>> Stage Data Load Stage completed <<<<

X=============================X]
[2023-06-30 01:10:50,621: INFO: main: >>>> Stage Data Prepare Stage started <<<<]
[2023-06-30 01:10:50,623: INFO: main: >>>> Stage Data Prepare Stage completed <<<<

X=============================X]
[2023-06-30 01:10:50,623: INFO: main: >>>> Stage Data Prepare Stage started <<<<]
[2023-06-30 01:15:40,488: ERROR: main: name 'os' is not defined]
Traceback (most recent call last):
  File "/home/shaw/Documents/Projects/Chatbot/main.py", line 52, in <module>
    train.initialize()
  File "/home/shaw/Documents/Projects/Chatbot/src/ChatBot/pipeline/stage05_training.py", line 58, in initialize
    trainIters(config.model_name, self.voc, self.pairs, encoder, decoder, encoder_optimizer, decoder_optimizer,
  File "/home/shaw/Documents/Projects/Chatbot/src/ChatBot/components/train.py", line 126, in trainIters
    directory = os.path.join(config.save_dir, config.model_name, config.corpus_name, '{}-{}_{}'.format(config.encoder_n_layers, config.decoder_n_layers, config.hidden_size))
                ^^
NameError: name 'os' is not defined
[2023-06-30 01:16:35,740: INFO: common: yaml file: config/config.yaml loaded successfully]
[2023-06-30 01:16:35,741: INFO: common: yaml file: params.yaml loaded successfully]
[2023-06-30 01:16:35,741: INFO: common: Directory artifacts created successfully]
[2023-06-30 01:16:35,741: INFO: common: Directory artifacts/save created successfully]
[2023-06-30 01:16:35,742: INFO: common: yaml file: config/config.yaml loaded successfully]
[2023-06-30 01:16:35,743: INFO: common: yaml file: params.yaml loaded successfully]
[2023-06-30 01:16:35,743: INFO: common: Directory artifacts created successfully]
[2023-06-30 01:16:35,743: INFO: common: Directory artifacts/save created successfully]
[2023-06-30 01:16:36,461: INFO: common: yaml file: config/config.yaml loaded successfully]
[2023-06-30 01:16:36,462: INFO: common: yaml file: params.yaml loaded successfully]
[2023-06-30 01:16:36,462: INFO: common: Directory artifacts created successfully]
[2023-06-30 01:16:36,465: INFO: common: yaml file: config/config.yaml loaded successfully]
[2023-06-30 01:16:36,466: INFO: common: yaml file: params.yaml loaded successfully]
[2023-06-30 01:16:36,466: INFO: common: Directory artifacts created successfully]
[2023-06-30 01:16:36,468: INFO: common: yaml file: config/config.yaml loaded successfully]
[2023-06-30 01:16:36,469: INFO: common: yaml file: params.yaml loaded successfully]
[2023-06-30 01:16:36,469: INFO: common: Directory artifacts created successfully]
[2023-06-30 01:16:36,469: INFO: main: >>>> Stage Data Load Stage started <<<<]
[2023-06-30 01:16:42,563: INFO: main: >>>> Stage Data Load Stage completed <<<<

X=============================X]
[2023-06-30 01:16:42,563: INFO: main: >>>> Stage Data Prepare Stage started <<<<]
[2023-06-30 01:16:42,564: INFO: main: >>>> Stage Data Prepare Stage completed <<<<

X=============================X]
[2023-06-30 01:16:42,564: INFO: main: >>>> Stage Training Stage started <<<<]
[2023-06-30 01:54:43,508: INFO: main: >>>> Stage Training Stage completed <<<<

X=============================X]
[2023-06-30 03:02:27,431: INFO: common: yaml file: config/config.yaml loaded successfully]
[2023-06-30 03:02:27,433: INFO: common: yaml file: params.yaml loaded successfully]
[2023-06-30 03:02:27,433: INFO: common: Directory artifacts created successfully]
[2023-06-30 03:02:27,433: INFO: common: Directory artifacts/save created successfully]
[2023-06-30 03:02:27,434: INFO: common: yaml file: config/config.yaml loaded successfully]
[2023-06-30 03:02:27,436: INFO: common: yaml file: params.yaml loaded successfully]
[2023-06-30 03:02:27,436: INFO: common: Directory artifacts created successfully]
[2023-06-30 03:02:27,436: INFO: common: Directory artifacts/save created successfully]
[2023-06-30 03:02:28,148: INFO: common: yaml file: config/config.yaml loaded successfully]
[2023-06-30 03:02:28,149: INFO: common: yaml file: params.yaml loaded successfully]
[2023-06-30 03:02:28,150: INFO: common: Directory artifacts created successfully]
[2023-06-30 03:02:28,151: INFO: common: yaml file: config/config.yaml loaded successfully]
[2023-06-30 03:02:28,152: INFO: common: yaml file: params.yaml loaded successfully]
[2023-06-30 03:02:28,152: INFO: common: Directory artifacts created successfully]
[2023-06-30 03:02:28,154: INFO: common: yaml file: config/config.yaml loaded successfully]
[2023-06-30 03:02:28,155: INFO: common: yaml file: params.yaml loaded successfully]
[2023-06-30 03:02:28,155: INFO: common: Directory artifacts created successfully]
[2023-06-30 03:02:28,157: INFO: common: yaml file: config/config.yaml loaded successfully]
[2023-06-30 03:02:28,158: INFO: common: yaml file: params.yaml loaded successfully]
[2023-06-30 03:02:28,158: INFO: common: Directory artifacts created successfully]
[2023-06-30 03:02:28,158: INFO: common: Directory artifacts/save created successfully]
[2023-06-30 03:02:28,158: INFO: main: >>>> Stage Data Load Stage started <<<<]
[2023-06-30 03:02:34,226: INFO: main: >>>> Stage Data Load Stage completed <<<<

X=============================X]
[2023-06-30 03:02:34,226: INFO: main: >>>> Stage Data Prepare Stage started <<<<]
[2023-06-30 03:02:34,227: INFO: main: >>>> Stage Data Prepare Stage completed <<<<

X=============================X]
[2023-06-30 03:02:34,227: INFO: main: >>>> Stage Evaluation Stage started <<<<]
[2023-06-30 03:02:34,353: ERROR: main: name 'attn_model' is not defined]
Traceback (most recent call last):
  File "/home/shaw/Documents/Projects/Chatbot/main.py", line 63, in <module>
    encoder, decoder, searcher = evaluate.main(voc)
                                 ^^^^^^^^^^^^^^^^^^
  File "/home/shaw/Documents/Projects/Chatbot/src/ChatBot/pipeline/stage06_evaluation.py", line 30, in main
    decoder = LuongAttnDecoderRNN(attn_model, embedding, hidden_size, voc.num_words, decoder_n_layers, dropout)
                                  ^^^^^^^^^^
NameError: name 'attn_model' is not defined
[2023-06-30 03:03:12,342: INFO: common: yaml file: config/config.yaml loaded successfully]
[2023-06-30 03:03:12,343: INFO: common: yaml file: params.yaml loaded successfully]
[2023-06-30 03:03:12,343: INFO: common: Directory artifacts created successfully]
[2023-06-30 03:03:12,343: INFO: common: Directory artifacts/save created successfully]
[2023-06-30 03:03:12,344: INFO: common: yaml file: config/config.yaml loaded successfully]
[2023-06-30 03:03:12,345: INFO: common: yaml file: params.yaml loaded successfully]
[2023-06-30 03:03:12,345: INFO: common: Directory artifacts created successfully]
[2023-06-30 03:03:12,345: INFO: common: Directory artifacts/save created successfully]
[2023-06-30 03:03:13,057: INFO: common: yaml file: config/config.yaml loaded successfully]
[2023-06-30 03:03:13,058: INFO: common: yaml file: params.yaml loaded successfully]
[2023-06-30 03:03:13,058: INFO: common: Directory artifacts created successfully]
[2023-06-30 03:03:13,059: INFO: common: yaml file: config/config.yaml loaded successfully]
[2023-06-30 03:03:13,061: INFO: common: yaml file: params.yaml loaded successfully]
[2023-06-30 03:03:13,061: INFO: common: Directory artifacts created successfully]
[2023-06-30 03:03:13,063: INFO: common: yaml file: config/config.yaml loaded successfully]
[2023-06-30 03:03:13,064: INFO: common: yaml file: params.yaml loaded successfully]
[2023-06-30 03:03:13,064: INFO: common: Directory artifacts created successfully]
[2023-06-30 03:03:13,066: INFO: common: yaml file: config/config.yaml loaded successfully]
[2023-06-30 03:03:13,067: INFO: common: yaml file: params.yaml loaded successfully]
[2023-06-30 03:03:13,068: INFO: common: Directory artifacts created successfully]
[2023-06-30 03:03:13,068: INFO: common: Directory artifacts/save created successfully]
[2023-06-30 03:03:13,068: INFO: main: >>>> Stage Data Load Stage started <<<<]
[2023-06-30 03:03:19,154: INFO: main: >>>> Stage Data Load Stage completed <<<<

X=============================X]
[2023-06-30 03:03:19,154: INFO: main: >>>> Stage Data Prepare Stage started <<<<]
[2023-06-30 03:03:19,155: INFO: main: >>>> Stage Data Prepare Stage completed <<<<

X=============================X]
[2023-06-30 03:03:19,155: INFO: main: >>>> Stage Evaluation Stage started <<<<]
[2023-06-30 03:03:19,323: INFO: main: >>>> Stage Evaluation Stage completed <<<<

X=============================X]
[2023-06-30 03:03:19,323: INFO: main: >>>> Prompt started <<<<]
[2023-06-30 03:04:25,239: INFO: common: yaml file: config/config.yaml loaded successfully]
[2023-06-30 03:04:25,240: INFO: common: yaml file: params.yaml loaded successfully]
[2023-06-30 03:04:25,241: INFO: common: Directory artifacts created successfully]
[2023-06-30 03:04:25,241: INFO: common: Directory artifacts/save created successfully]
[2023-06-30 03:04:25,242: INFO: common: yaml file: config/config.yaml loaded successfully]
[2023-06-30 03:04:25,243: INFO: common: yaml file: params.yaml loaded successfully]
[2023-06-30 03:04:25,243: INFO: common: Directory artifacts created successfully]
[2023-06-30 03:04:25,243: INFO: common: Directory artifacts/save created successfully]
[2023-06-30 03:04:25,947: INFO: common: yaml file: config/config.yaml loaded successfully]
[2023-06-30 03:04:25,948: INFO: common: yaml file: params.yaml loaded successfully]
[2023-06-30 03:04:25,948: INFO: common: Directory artifacts created successfully]
[2023-06-30 03:04:25,949: INFO: common: yaml file: config/config.yaml loaded successfully]
[2023-06-30 03:04:25,951: INFO: common: yaml file: params.yaml loaded successfully]
[2023-06-30 03:04:25,951: INFO: common: Directory artifacts created successfully]
[2023-06-30 03:04:25,953: INFO: common: yaml file: config/config.yaml loaded successfully]
[2023-06-30 03:04:25,954: INFO: common: yaml file: params.yaml loaded successfully]
[2023-06-30 03:04:25,954: INFO: common: Directory artifacts created successfully]
[2023-06-30 03:04:25,955: INFO: common: yaml file: config/config.yaml loaded successfully]
[2023-06-30 03:04:25,957: INFO: common: yaml file: params.yaml loaded successfully]
[2023-06-30 03:04:25,957: INFO: common: Directory artifacts created successfully]
[2023-06-30 03:04:25,957: INFO: common: Directory artifacts/save created successfully]
[2023-06-30 03:04:25,957: INFO: main: >>>> Stage Data Load Stage started <<<<]
[2023-06-30 03:04:31,982: INFO: main: >>>> Stage Data Load Stage completed <<<<

X=============================X]
[2023-06-30 03:04:31,982: INFO: main: >>>> Stage Data Prepare Stage started <<<<]
[2023-06-30 03:04:31,984: INFO: main: >>>> Stage Data Prepare Stage completed <<<<

X=============================X]
[2023-06-30 03:04:31,984: INFO: main: >>>> Stage Evaluation Stage started <<<<]
[2023-06-30 03:04:32,175: INFO: main: >>>> Stage Evaluation Stage completed <<<<

X=============================X]
[2023-06-30 03:04:32,175: INFO: main: >>>> Prompt started <<<<]
[2023-06-30 03:04:53,879: INFO: common: yaml file: config/config.yaml loaded successfully]
[2023-06-30 03:04:53,880: INFO: common: yaml file: params.yaml loaded successfully]
[2023-06-30 03:04:53,880: INFO: common: Directory artifacts created successfully]
[2023-06-30 03:04:53,880: INFO: common: Directory artifacts/save created successfully]
[2023-06-30 03:04:53,881: INFO: common: yaml file: config/config.yaml loaded successfully]
[2023-06-30 03:04:53,882: INFO: common: yaml file: params.yaml loaded successfully]
[2023-06-30 03:04:53,882: INFO: common: Directory artifacts created successfully]
[2023-06-30 03:04:53,883: INFO: common: Directory artifacts/save created successfully]
[2023-06-30 03:04:54,588: INFO: common: yaml file: config/config.yaml loaded successfully]
[2023-06-30 03:04:54,589: INFO: common: yaml file: params.yaml loaded successfully]
[2023-06-30 03:04:54,589: INFO: common: Directory artifacts created successfully]
[2023-06-30 03:04:54,590: INFO: common: yaml file: config/config.yaml loaded successfully]
[2023-06-30 03:04:54,592: INFO: common: yaml file: params.yaml loaded successfully]
[2023-06-30 03:04:54,592: INFO: common: Directory artifacts created successfully]
[2023-06-30 03:04:54,593: INFO: common: yaml file: config/config.yaml loaded successfully]
[2023-06-30 03:04:54,594: INFO: common: yaml file: params.yaml loaded successfully]
[2023-06-30 03:04:54,595: INFO: common: Directory artifacts created successfully]
[2023-06-30 03:04:54,597: INFO: common: yaml file: config/config.yaml loaded successfully]
[2023-06-30 03:04:54,598: INFO: common: yaml file: params.yaml loaded successfully]
[2023-06-30 03:04:54,598: INFO: common: Directory artifacts created successfully]
[2023-06-30 03:04:54,598: INFO: common: Directory artifacts/save created successfully]
[2023-06-30 03:04:54,598: INFO: main: >>>> Stage Data Load Stage started <<<<]
[2023-06-30 03:05:00,680: INFO: main: >>>> Stage Data Load Stage completed <<<<

X=============================X]
[2023-06-30 03:05:00,680: INFO: main: >>>> Stage Data Prepare Stage started <<<<]
[2023-06-30 03:05:00,682: INFO: main: >>>> Stage Data Prepare Stage completed <<<<

X=============================X]
[2023-06-30 03:05:00,682: INFO: main: >>>> Stage Evaluation Stage started <<<<]
[2023-06-30 03:05:00,852: INFO: main: >>>> Stage Evaluation Stage completed <<<<

X=============================X]
[2023-06-30 03:05:00,853: INFO: main: >>>> Prompt started <<<<]
[2023-06-30 03:06:06,768: INFO: common: yaml file: config/config.yaml loaded successfully]
[2023-06-30 03:06:06,770: INFO: common: yaml file: params.yaml loaded successfully]
[2023-06-30 03:06:06,770: INFO: common: Directory artifacts created successfully]
[2023-06-30 03:06:06,770: INFO: common: Directory artifacts/save created successfully]
[2023-06-30 03:06:06,771: INFO: common: yaml file: config/config.yaml loaded successfully]
[2023-06-30 03:06:06,772: INFO: common: yaml file: params.yaml loaded successfully]
[2023-06-30 03:06:06,773: INFO: common: Directory artifacts created successfully]
[2023-06-30 03:06:06,773: INFO: common: Directory artifacts/save created successfully]
[2023-06-30 03:06:07,479: INFO: common: yaml file: config/config.yaml loaded successfully]
[2023-06-30 03:06:07,481: INFO: common: yaml file: params.yaml loaded successfully]
[2023-06-30 03:06:07,481: INFO: common: Directory artifacts created successfully]
[2023-06-30 03:06:07,482: INFO: common: yaml file: config/config.yaml loaded successfully]
[2023-06-30 03:06:07,484: INFO: common: yaml file: params.yaml loaded successfully]
[2023-06-30 03:06:07,484: INFO: common: Directory artifacts created successfully]
[2023-06-30 03:06:07,486: INFO: common: yaml file: config/config.yaml loaded successfully]
[2023-06-30 03:06:07,487: INFO: common: yaml file: params.yaml loaded successfully]
[2023-06-30 03:06:07,487: INFO: common: Directory artifacts created successfully]
[2023-06-30 03:06:07,489: INFO: common: yaml file: config/config.yaml loaded successfully]
[2023-06-30 03:06:07,490: INFO: common: yaml file: params.yaml loaded successfully]
[2023-06-30 03:06:07,490: INFO: common: Directory artifacts created successfully]
[2023-06-30 03:06:07,490: INFO: common: Directory artifacts/save created successfully]
[2023-06-30 03:06:07,490: INFO: main: >>>> Stage Data Load Stage started <<<<]
[2023-06-30 03:06:13,442: INFO: main: >>>> Stage Data Load Stage completed <<<<

X=============================X]
[2023-06-30 03:06:13,442: INFO: main: >>>> Stage Data Prepare Stage started <<<<]
[2023-06-30 03:06:13,444: INFO: main: >>>> Stage Data Prepare Stage completed <<<<

X=============================X]
[2023-06-30 03:06:13,444: INFO: main: >>>> Stage Evaluation Stage started <<<<]
[2023-06-30 03:06:13,615: INFO: main: >>>> Stage Evaluation Stage completed <<<<

X=============================X]
[2023-06-30 03:06:13,615: INFO: main: >>>> Prompt started <<<<]
[2023-06-30 03:06:50,576: INFO: common: yaml file: config/config.yaml loaded successfully]
[2023-06-30 03:06:50,578: INFO: common: yaml file: params.yaml loaded successfully]
[2023-06-30 03:06:50,578: INFO: common: Directory artifacts created successfully]
[2023-06-30 03:06:50,578: INFO: common: Directory artifacts/save created successfully]
[2023-06-30 03:06:50,579: INFO: common: yaml file: config/config.yaml loaded successfully]
[2023-06-30 03:06:50,580: INFO: common: yaml file: params.yaml loaded successfully]
[2023-06-30 03:06:50,581: INFO: common: Directory artifacts created successfully]
[2023-06-30 03:06:50,581: INFO: common: Directory artifacts/save created successfully]
[2023-06-30 03:06:51,291: INFO: common: yaml file: config/config.yaml loaded successfully]
[2023-06-30 03:06:51,292: INFO: common: yaml file: params.yaml loaded successfully]
[2023-06-30 03:06:51,292: INFO: common: Directory artifacts created successfully]
[2023-06-30 03:06:51,293: INFO: common: yaml file: config/config.yaml loaded successfully]
[2023-06-30 03:06:51,295: INFO: common: yaml file: params.yaml loaded successfully]
[2023-06-30 03:06:51,295: INFO: common: Directory artifacts created successfully]
[2023-06-30 03:06:51,296: INFO: common: yaml file: config/config.yaml loaded successfully]
[2023-06-30 03:06:51,297: INFO: common: yaml file: params.yaml loaded successfully]
[2023-06-30 03:06:51,298: INFO: common: Directory artifacts created successfully]
[2023-06-30 03:06:51,300: INFO: common: yaml file: config/config.yaml loaded successfully]
[2023-06-30 03:06:51,301: INFO: common: yaml file: params.yaml loaded successfully]
[2023-06-30 03:06:51,301: INFO: common: Directory artifacts created successfully]
[2023-06-30 03:06:51,301: INFO: common: Directory artifacts/save created successfully]
[2023-06-30 03:06:51,301: INFO: main: >>>> Stage Data Load Stage started <<<<]
[2023-06-30 03:06:57,362: INFO: main: >>>> Stage Data Load Stage completed <<<<

X=============================X]
[2023-06-30 03:06:57,362: INFO: main: >>>> Stage Data Prepare Stage started <<<<]
[2023-06-30 03:06:57,364: INFO: main: >>>> Stage Data Prepare Stage completed <<<<

X=============================X]
[2023-06-30 03:06:57,364: INFO: main: >>>> Stage Evaluation Stage started <<<<]
[2023-06-30 03:06:57,535: INFO: main: >>>> Stage Evaluation Stage completed <<<<

X=============================X]
[2023-06-30 03:06:57,536: INFO: main: >>>> Prompt started <<<<]
[2023-06-30 03:07:49,026: INFO: common: yaml file: config/config.yaml loaded successfully]
[2023-06-30 03:07:49,027: INFO: common: yaml file: params.yaml loaded successfully]
[2023-06-30 03:07:49,027: INFO: common: Directory artifacts created successfully]
[2023-06-30 03:07:49,027: INFO: common: Directory artifacts/save created successfully]
[2023-06-30 03:07:49,028: INFO: common: yaml file: config/config.yaml loaded successfully]
[2023-06-30 03:07:49,029: INFO: common: yaml file: params.yaml loaded successfully]
[2023-06-30 03:07:49,030: INFO: common: Directory artifacts created successfully]
[2023-06-30 03:07:49,030: INFO: common: Directory artifacts/save created successfully]
[2023-06-30 03:07:49,730: INFO: common: yaml file: config/config.yaml loaded successfully]
[2023-06-30 03:07:49,731: INFO: common: yaml file: params.yaml loaded successfully]
[2023-06-30 03:07:49,731: INFO: common: Directory artifacts created successfully]
[2023-06-30 03:07:49,732: INFO: common: yaml file: config/config.yaml loaded successfully]
[2023-06-30 03:07:49,734: INFO: common: yaml file: params.yaml loaded successfully]
[2023-06-30 03:07:49,734: INFO: common: Directory artifacts created successfully]
[2023-06-30 03:07:49,735: INFO: common: yaml file: config/config.yaml loaded successfully]
[2023-06-30 03:07:49,736: INFO: common: yaml file: params.yaml loaded successfully]
[2023-06-30 03:07:49,736: INFO: common: Directory artifacts created successfully]
[2023-06-30 03:07:49,738: INFO: common: yaml file: config/config.yaml loaded successfully]
[2023-06-30 03:07:49,739: INFO: common: yaml file: params.yaml loaded successfully]
[2023-06-30 03:07:49,740: INFO: common: Directory artifacts created successfully]
[2023-06-30 03:07:49,740: INFO: common: Directory artifacts/save created successfully]
[2023-06-30 03:07:49,740: INFO: main: >>>> Stage Data Load Stage started <<<<]
[2023-06-30 03:07:55,675: INFO: main: >>>> Stage Data Load Stage completed <<<<

X=============================X]
[2023-06-30 03:07:55,675: INFO: main: >>>> Stage Data Prepare Stage started <<<<]
[2023-06-30 03:07:55,677: INFO: main: >>>> Stage Data Prepare Stage completed <<<<

X=============================X]
[2023-06-30 03:07:55,677: INFO: main: >>>> Stage Evaluation Stage started <<<<]
[2023-06-30 03:07:55,847: INFO: main: >>>> Stage Evaluation Stage completed <<<<

X=============================X]
[2023-06-30 03:07:55,847: INFO: main: >>>> Prompt started <<<<]
[2023-06-30 03:11:15,419: INFO: common: yaml file: config/config.yaml loaded successfully]
[2023-06-30 03:11:15,420: INFO: common: yaml file: params.yaml loaded successfully]
[2023-06-30 03:11:15,421: INFO: common: Directory artifacts created successfully]
[2023-06-30 03:11:15,421: INFO: common: Directory artifacts/save created successfully]
[2023-06-30 03:11:15,422: INFO: common: yaml file: config/config.yaml loaded successfully]
[2023-06-30 03:11:15,423: INFO: common: yaml file: params.yaml loaded successfully]
[2023-06-30 03:11:15,423: INFO: common: Directory artifacts created successfully]
[2023-06-30 03:11:15,423: INFO: common: Directory artifacts/save created successfully]
[2023-06-30 03:11:16,128: INFO: common: yaml file: config/config.yaml loaded successfully]
[2023-06-30 03:11:16,129: INFO: common: yaml file: params.yaml loaded successfully]
[2023-06-30 03:11:16,130: INFO: common: Directory artifacts created successfully]
[2023-06-30 03:11:16,131: INFO: common: yaml file: config/config.yaml loaded successfully]
[2023-06-30 03:11:16,132: INFO: common: yaml file: params.yaml loaded successfully]
[2023-06-30 03:11:16,132: INFO: common: Directory artifacts created successfully]
[2023-06-30 03:11:16,134: INFO: common: yaml file: config/config.yaml loaded successfully]
[2023-06-30 03:11:16,135: INFO: common: yaml file: params.yaml loaded successfully]
[2023-06-30 03:11:16,135: INFO: common: Directory artifacts created successfully]
[2023-06-30 03:11:16,137: INFO: common: yaml file: config/config.yaml loaded successfully]
[2023-06-30 03:11:16,138: INFO: common: yaml file: params.yaml loaded successfully]
[2023-06-30 03:11:16,138: INFO: common: Directory artifacts created successfully]
[2023-06-30 03:11:16,138: INFO: common: Directory artifacts/save created successfully]
[2023-06-30 03:11:16,138: INFO: main: >>>> Stage Data Load Stage started <<<<]
[2023-06-30 03:11:22,197: INFO: main: >>>> Stage Data Load Stage completed <<<<

X=============================X]
[2023-06-30 03:11:22,198: INFO: main: >>>> Stage Data Prepare Stage started <<<<]
[2023-06-30 03:11:22,199: INFO: main: >>>> Stage Data Prepare Stage completed <<<<

X=============================X]
[2023-06-30 03:11:22,199: INFO: main: >>>> Stage Evaluation Stage started <<<<]
[2023-06-30 03:11:22,371: INFO: main: >>>> Stage Evaluation Stage completed <<<<

X=============================X]
[2023-06-30 03:11:22,371: INFO: main: >>>> Prompt started <<<<]
